2024-04-02 08:58:36,236 - INFO - server start round 1
2024-04-02 08:58:36,335 - INFO - Start training round 1 ...
2024-04-02 08:59:08,271 - INFO - server end round 1
2024-04-02 08:59:08,272 - INFO - start aggregate ...
2024-04-02 08:59:08,314 - INFO - end aggregate!
2024-04-02 08:59:18,315 - INFO - server start round 2
2024-04-02 08:59:18,363 - INFO - Start training round 2 ...
2024-04-02 08:59:25,326 - INFO - server end round 2
2024-04-02 08:59:25,350 - INFO - start aggregate ...
2024-04-02 08:59:25,391 - INFO - end aggregate!
2024-04-02 08:59:35,392 - INFO - server start round 3
2024-04-02 08:59:35,445 - INFO - Start training round 3 ...
2024-04-02 08:59:42,415 - INFO - server end round 3
2024-04-02 08:59:42,415 - INFO - start aggregate ...
2024-04-02 08:59:42,456 - INFO - end aggregate!
2024-04-02 08:59:52,457 - INFO - server start round 4
2024-04-02 08:59:52,527 - INFO - Start training round 4 ...
2024-04-02 08:59:59,468 - INFO - server end round 4
2024-04-02 08:59:59,468 - INFO - start aggregate ...
2024-04-02 08:59:59,509 - INFO - end aggregate!
2024-04-02 09:00:09,510 - INFO - server start round 5
2024-04-02 09:00:09,551 - INFO - Start training round 5 ...
2024-04-02 09:00:16,527 - INFO - server end round 5
2024-04-02 09:00:16,527 - INFO - start aggregate ...
2024-04-02 09:00:16,573 - INFO - end aggregate!
2024-04-02 09:00:26,574 - INFO - server start round 6
2024-04-02 09:00:26,630 - INFO - Start training round 6 ...
2024-04-02 09:00:32,584 - INFO - server end round 6
2024-04-02 09:00:32,584 - INFO - start aggregate ...
2024-04-02 09:00:32,624 - INFO - end aggregate!
2024-04-02 09:00:42,625 - INFO - server start round 7
2024-04-02 09:00:42,669 - INFO - Start training round 7 ...
2024-04-02 09:00:49,652 - INFO - server end round 7
2024-04-02 09:00:49,653 - INFO - start aggregate ...
2024-04-02 09:00:49,693 - INFO - end aggregate!
2024-04-02 09:00:59,694 - INFO - server start round 8
2024-04-02 09:00:59,747 - INFO - Start training round 8 ...
2024-04-02 09:01:06,712 - INFO - server end round 8
2024-04-02 09:01:06,712 - INFO - start aggregate ...
2024-04-02 09:01:06,752 - INFO - end aggregate!
2024-04-02 09:01:16,753 - INFO - server start round 9
2024-04-02 09:01:16,805 - INFO - Start training round 9 ...
2024-04-02 09:01:29,769 - INFO - server end round 9
2024-04-02 09:01:29,769 - INFO - start aggregate ...
2024-04-02 09:01:29,810 - INFO - end aggregate!
2024-04-02 09:01:39,811 - INFO - server start round 10
2024-04-02 09:01:39,905 - INFO - Start training round 10 ...
2024-04-02 09:01:45,828 - INFO - server end round 10
2024-04-02 09:01:45,828 - INFO - start aggregate ...
2024-04-02 09:01:45,869 - INFO - end aggregate!
2024-04-02 09:01:55,870 - INFO - server start round 11
2024-04-02 09:01:55,915 - INFO - Start training round 11 ...
2024-04-02 09:02:01,879 - INFO - server end round 11
2024-04-02 09:02:01,885 - INFO - start aggregate ...
2024-04-02 09:02:01,925 - INFO - end aggregate!
2024-04-02 09:02:11,926 - INFO - server start round 12
2024-04-02 09:02:11,973 - INFO - Start training round 12 ...
2024-04-02 09:02:18,934 - INFO - server end round 12
2024-04-02 09:02:18,934 - INFO - start aggregate ...
2024-04-02 09:02:18,976 - INFO - end aggregate!
2024-04-02 09:02:28,977 - INFO - server start round 13
2024-04-02 09:02:29,032 - INFO - Start training round 13 ...
2024-04-02 09:02:35,995 - INFO - server end round 13
2024-04-02 09:02:35,996 - INFO - start aggregate ...
2024-04-02 09:02:36,036 - INFO - end aggregate!
2024-04-02 09:02:46,037 - INFO - server start round 14
2024-04-02 09:02:46,081 - INFO - Start training round 14 ...
2024-04-02 09:02:53,046 - INFO - server end round 14
2024-04-02 09:02:53,047 - INFO - start aggregate ...
2024-04-02 09:02:53,086 - INFO - end aggregate!
2024-04-02 09:03:03,087 - INFO - server start round 15
2024-04-02 09:03:03,144 - INFO - Start training round 15 ...
2024-04-02 09:03:09,096 - INFO - server end round 15
2024-04-02 09:03:09,096 - INFO - start aggregate ...
2024-04-02 09:03:09,138 - INFO - end aggregate!
2024-04-02 09:03:19,139 - INFO - server start round 16
2024-04-02 09:03:19,191 - INFO - Start training round 16 ...
2024-04-02 09:03:26,148 - INFO - server end round 16
2024-04-02 09:03:26,149 - INFO - start aggregate ...
2024-04-02 09:03:26,189 - INFO - end aggregate!
2024-04-02 09:03:36,190 - INFO - server start round 17
2024-04-02 09:03:36,234 - INFO - Start training round 17 ...
2024-04-02 09:03:42,201 - INFO - server end round 17
2024-04-02 09:03:42,202 - INFO - start aggregate ...
2024-04-02 09:03:42,249 - INFO - end aggregate!
2024-04-02 09:03:52,250 - INFO - server start round 18
2024-04-02 09:03:52,294 - INFO - Start training round 18 ...
2024-04-02 09:04:00,269 - INFO - server end round 18
2024-04-02 09:04:00,270 - INFO - start aggregate ...
2024-04-02 09:04:00,311 - INFO - end aggregate!
2024-04-02 09:04:10,312 - INFO - server start round 19
2024-04-02 09:04:10,365 - INFO - Start training round 19 ...
2024-04-02 09:04:16,321 - INFO - server end round 19
2024-04-02 09:04:16,322 - INFO - start aggregate ...
2024-04-02 09:04:16,362 - INFO - end aggregate!
2024-04-02 09:04:26,363 - INFO - server start round 20
2024-04-02 09:04:26,415 - INFO - Start training round 20 ...
2024-04-02 09:04:33,371 - INFO - server end round 20
2024-04-02 09:04:33,372 - INFO - start aggregate ...
2024-04-02 09:04:33,414 - INFO - end aggregate!
2024-04-02 09:04:43,415 - INFO - server start round 21
2024-04-02 09:04:43,458 - INFO - Start training round 21 ...
2024-04-02 09:04:50,447 - INFO - server end round 21
2024-04-02 09:04:50,447 - INFO - start aggregate ...
2024-04-02 09:04:50,489 - INFO - end aggregate!
2024-04-02 09:05:00,489 - INFO - server start round 22
2024-04-02 09:05:00,533 - INFO - Start training round 22 ...
2024-04-02 09:05:07,499 - INFO - server end round 22
2024-04-02 09:05:07,500 - INFO - start aggregate ...
2024-04-02 09:05:07,540 - INFO - end aggregate!
2024-04-02 09:05:17,541 - INFO - server start round 23
2024-04-02 09:05:17,587 - INFO - Start training round 23 ...
2024-04-02 09:05:23,549 - INFO - server end round 23
2024-04-02 09:05:23,549 - INFO - start aggregate ...
2024-04-02 09:05:23,590 - INFO - end aggregate!
2024-04-02 09:05:33,591 - INFO - server start round 24
2024-04-02 09:05:33,646 - INFO - Start training round 24 ...
2024-04-02 09:05:40,606 - INFO - server end round 24
2024-04-02 09:05:40,606 - INFO - start aggregate ...
2024-04-02 09:05:40,647 - INFO - end aggregate!
2024-04-02 09:05:50,648 - INFO - server start round 25
2024-04-02 09:05:50,696 - INFO - Start training round 25 ...
2024-04-02 09:05:57,656 - INFO - server end round 25
2024-04-02 09:05:57,657 - INFO - start aggregate ...
2024-04-02 09:05:57,696 - INFO - end aggregate!
2024-04-02 09:06:07,697 - INFO - server start round 26
2024-04-02 09:06:07,746 - INFO - Start training round 26 ...
2024-04-02 09:06:14,725 - INFO - server end round 26
2024-04-02 09:06:14,725 - INFO - start aggregate ...
2024-04-02 09:06:14,765 - INFO - end aggregate!
2024-04-02 09:06:24,766 - INFO - server start round 27
2024-04-02 09:06:24,823 - INFO - Start training round 27 ...
2024-04-02 09:06:31,776 - INFO - server end round 27
2024-04-02 09:06:31,776 - INFO - start aggregate ...
2024-04-02 09:06:31,832 - INFO - end aggregate!
2024-04-02 09:06:41,833 - INFO - server start round 28
2024-04-02 09:06:41,883 - INFO - Start training round 28 ...
2024-04-02 09:06:48,857 - INFO - server end round 28
2024-04-02 09:06:48,857 - INFO - start aggregate ...
2024-04-02 09:06:48,898 - INFO - end aggregate!
2024-04-02 09:06:58,899 - INFO - server start round 29
2024-04-02 09:06:58,948 - INFO - Start training round 29 ...
2024-04-02 09:07:05,911 - INFO - server end round 29
2024-04-02 09:07:05,912 - INFO - start aggregate ...
2024-04-02 09:07:05,952 - INFO - end aggregate!
2024-04-02 09:07:15,952 - INFO - server start round 30
2024-04-02 09:07:16,011 - INFO - Start training round 30 ...
2024-04-02 09:07:21,960 - INFO - server end round 30
2024-04-02 09:07:21,961 - INFO - start aggregate ...
2024-04-02 09:07:22,003 - INFO - end aggregate!
2024-04-02 09:07:32,004 - INFO - server start round 31
2024-04-02 09:07:32,044 - INFO - Start training round 31 ...
2024-04-02 09:07:38,011 - INFO - server end round 31
2024-04-02 09:07:38,011 - INFO - start aggregate ...
2024-04-02 09:07:38,053 - INFO - end aggregate!
2024-04-02 09:07:48,054 - INFO - server start round 32
2024-04-02 09:07:48,137 - INFO - Start training round 32 ...
2024-04-02 09:07:55,068 - INFO - server end round 32
2024-04-02 09:07:55,069 - INFO - start aggregate ...
2024-04-02 09:07:55,109 - INFO - end aggregate!
2024-04-02 09:08:05,110 - INFO - server start round 33
2024-04-02 09:08:05,207 - INFO - Start training round 33 ...
2024-04-02 09:08:12,125 - INFO - server end round 33
2024-04-02 09:08:12,126 - INFO - start aggregate ...
2024-04-02 09:08:12,167 - INFO - end aggregate!
2024-04-02 09:08:22,168 - INFO - server start round 34
2024-04-02 09:08:22,222 - INFO - Start training round 34 ...
2024-04-02 09:08:29,177 - INFO - server end round 34
2024-04-02 09:08:29,179 - INFO - start aggregate ...
2024-04-02 09:08:29,217 - INFO - end aggregate!
2024-04-02 09:08:39,218 - INFO - server start round 35
2024-04-02 09:08:39,267 - INFO - Start training round 35 ...
2024-04-02 09:08:45,230 - INFO - server end round 35
2024-04-02 09:08:45,230 - INFO - start aggregate ...
2024-04-02 09:08:45,269 - INFO - end aggregate!
2024-04-02 09:08:55,270 - INFO - server start round 36
2024-04-02 09:08:55,315 - INFO - Start training round 36 ...
2024-04-02 09:09:02,291 - INFO - server end round 36
2024-04-02 09:09:02,292 - INFO - start aggregate ...
2024-04-02 09:09:02,331 - INFO - end aggregate!
2024-04-02 09:09:12,332 - INFO - server start round 37
2024-04-02 09:09:12,382 - INFO - Start training round 37 ...
2024-04-02 09:09:18,339 - INFO - server end round 37
2024-04-02 09:09:18,340 - INFO - start aggregate ...
2024-04-02 09:09:18,390 - INFO - end aggregate!
2024-04-02 09:09:28,391 - INFO - server start round 38
2024-04-02 09:09:28,446 - INFO - Start training round 38 ...
2024-04-02 09:09:35,400 - INFO - server end round 38
2024-04-02 09:09:35,400 - INFO - start aggregate ...
2024-04-02 09:09:35,443 - INFO - end aggregate!
2024-04-02 09:09:45,444 - INFO - server start round 39
2024-04-02 09:09:45,498 - INFO - Start training round 39 ...
2024-04-02 09:09:52,463 - INFO - server end round 39
2024-04-02 09:09:52,464 - INFO - start aggregate ...
2024-04-02 09:09:52,504 - INFO - end aggregate!
2024-04-02 09:10:02,504 - INFO - server start round 40
2024-04-02 09:10:02,548 - INFO - Start training round 40 ...
2024-04-02 09:10:08,512 - INFO - server end round 40
2024-04-02 09:10:08,513 - INFO - start aggregate ...
2024-04-02 09:10:08,554 - INFO - end aggregate!
2024-04-02 09:10:18,554 - INFO - server start round 41
2024-04-02 09:10:18,601 - INFO - Start training round 41 ...
2024-04-02 09:10:24,563 - INFO - server end round 41
2024-04-02 09:10:24,564 - INFO - start aggregate ...
2024-04-02 09:10:24,605 - INFO - end aggregate!
2024-04-02 09:10:34,606 - INFO - server start round 42
2024-04-02 09:10:34,656 - INFO - Start training round 42 ...
2024-04-02 09:10:41,616 - INFO - server end round 42
2024-04-02 09:10:41,617 - INFO - start aggregate ...
2024-04-02 09:10:41,656 - INFO - end aggregate!
2024-04-02 09:10:51,657 - INFO - server start round 43
2024-04-02 09:10:51,700 - INFO - Start training round 43 ...
2024-04-02 09:10:58,678 - INFO - server end round 43
2024-04-02 09:10:58,678 - INFO - start aggregate ...
2024-04-02 09:10:58,720 - INFO - end aggregate!
2024-04-02 09:11:08,720 - INFO - server start round 44
2024-04-02 09:11:08,815 - INFO - Start training round 44 ...
2024-04-02 09:11:15,756 - INFO - server end round 44
2024-04-02 09:11:15,756 - INFO - start aggregate ...
2024-04-02 09:11:15,797 - INFO - end aggregate!
2024-04-02 09:11:25,798 - INFO - server start round 45
2024-04-02 09:11:25,850 - INFO - Start training round 45 ...
2024-04-02 09:11:32,809 - INFO - server end round 45
2024-04-02 09:11:32,809 - INFO - start aggregate ...
2024-04-02 09:11:32,870 - INFO - end aggregate!
2024-04-02 09:11:42,870 - INFO - server start round 46
2024-04-02 09:11:42,962 - INFO - Start training round 46 ...
2024-04-02 09:11:49,882 - INFO - server end round 46
2024-04-02 09:11:49,882 - INFO - start aggregate ...
2024-04-02 09:11:49,923 - INFO - end aggregate!
2024-04-02 09:11:59,923 - INFO - server start round 47
2024-04-02 09:11:59,978 - INFO - Start training round 47 ...
2024-04-02 09:12:05,931 - INFO - server end round 47
2024-04-02 09:12:05,932 - INFO - start aggregate ...
2024-04-02 09:12:05,972 - INFO - end aggregate!
2024-04-02 09:12:15,973 - INFO - server start round 48
2024-04-02 09:12:16,016 - INFO - Start training round 48 ...
2024-04-02 09:12:22,982 - INFO - server end round 48
2024-04-02 09:12:22,983 - INFO - start aggregate ...
2024-04-02 09:12:23,022 - INFO - end aggregate!
2024-04-02 09:12:33,023 - INFO - server start round 49
2024-04-02 09:12:33,067 - INFO - Start training round 49 ...
2024-04-02 09:12:39,030 - INFO - server end round 49
2024-04-02 09:12:39,030 - INFO - start aggregate ...
2024-04-02 09:12:39,072 - INFO - end aggregate!
2024-04-02 09:12:49,073 - INFO - server start round 50
2024-04-02 09:12:49,122 - INFO - Start training round 50 ...
2024-04-02 09:12:55,082 - INFO - server end round 50
2024-04-02 09:12:55,083 - INFO - start aggregate ...
2024-04-02 09:12:55,124 - INFO - end aggregate!
2024-04-02 09:12:55,127 - INFO - Stop all!
2024-04-02 09:16:16,859 - INFO - server start round 1
2024-04-02 09:16:16,963 - INFO - Start training round 1 ...
2024-04-02 09:16:25,900 - INFO - server end round 1
2024-04-02 09:16:25,900 - INFO - start aggregate ...
2024-04-02 09:16:25,942 - INFO - end aggregate!
2024-04-02 09:16:35,943 - INFO - server start round 2
2024-04-02 09:16:35,995 - INFO - Start training round 2 ...
2024-04-02 09:16:42,978 - INFO - server end round 2
2024-04-02 09:16:42,978 - INFO - start aggregate ...
2024-04-02 09:16:43,019 - INFO - end aggregate!
2024-04-02 09:16:53,020 - INFO - server start round 3
2024-04-02 09:16:53,068 - INFO - Start training round 3 ...
2024-04-02 09:17:00,032 - INFO - server end round 3
2024-04-02 09:17:00,032 - INFO - start aggregate ...
2024-04-02 09:17:00,073 - INFO - end aggregate!
2024-04-02 09:17:10,074 - INFO - server start round 4
2024-04-02 09:17:10,126 - INFO - Start training round 4 ...
2024-04-02 09:17:17,081 - INFO - server end round 4
2024-04-02 09:17:17,082 - INFO - start aggregate ...
2024-04-02 09:17:17,122 - INFO - end aggregate!
2024-04-02 09:17:27,123 - INFO - server start round 5
2024-04-02 09:17:27,176 - INFO - Start training round 5 ...
2024-04-02 09:17:33,131 - INFO - server end round 5
2024-04-02 09:17:33,131 - INFO - start aggregate ...
2024-04-02 09:17:33,172 - INFO - end aggregate!
2024-04-02 09:17:43,173 - INFO - server start round 6
2024-04-02 09:17:43,216 - INFO - Start training round 6 ...
2024-04-02 09:17:49,183 - INFO - server end round 6
2024-04-02 09:17:49,184 - INFO - start aggregate ...
2024-04-02 09:17:49,225 - INFO - end aggregate!
2024-04-02 09:17:59,225 - INFO - server start round 7
2024-04-02 09:17:59,275 - INFO - Start training round 7 ...
2024-04-02 09:18:06,256 - INFO - server end round 7
2024-04-02 09:18:06,256 - INFO - start aggregate ...
2024-04-02 09:18:06,298 - INFO - end aggregate!
2024-04-02 09:18:16,299 - INFO - server start round 8
2024-04-02 09:18:16,347 - INFO - Start training round 8 ...
2024-04-02 09:18:23,314 - INFO - server end round 8
2024-04-02 09:18:23,314 - INFO - start aggregate ...
2024-04-02 09:18:23,355 - INFO - end aggregate!
2024-04-02 09:18:33,356 - INFO - server start round 9
2024-04-02 09:18:33,402 - INFO - Start training round 9 ...
2024-04-02 09:18:40,374 - INFO - server end round 9
2024-04-02 09:18:40,374 - INFO - start aggregate ...
2024-04-02 09:18:40,416 - INFO - end aggregate!
2024-04-02 09:18:50,417 - INFO - server start round 10
2024-04-02 09:18:50,467 - INFO - Start training round 10 ...
2024-04-02 09:18:57,426 - INFO - server end round 10
2024-04-02 09:18:57,426 - INFO - start aggregate ...
2024-04-02 09:18:57,467 - INFO - end aggregate!
2024-04-02 09:19:07,468 - INFO - server start round 11
2024-04-02 09:19:07,521 - INFO - Start training round 11 ...
2024-04-02 09:19:14,478 - INFO - server end round 11
2024-04-02 09:19:14,478 - INFO - start aggregate ...
2024-04-02 09:19:14,518 - INFO - end aggregate!
2024-04-02 09:19:24,519 - INFO - server start round 12
2024-04-02 09:19:24,570 - INFO - Start training round 12 ...
2024-04-02 09:19:31,527 - INFO - server end round 12
2024-04-02 09:19:31,528 - INFO - start aggregate ...
2024-04-02 09:19:31,569 - INFO - end aggregate!
2024-04-02 09:19:41,570 - INFO - server start round 13
2024-04-02 09:19:41,660 - INFO - Start training round 13 ...
2024-04-02 09:19:48,586 - INFO - server end round 13
2024-04-02 09:19:48,586 - INFO - start aggregate ...
2024-04-02 09:19:48,628 - INFO - end aggregate!
2024-04-02 09:19:58,629 - INFO - server start round 14
2024-04-02 09:19:58,679 - INFO - Start training round 14 ...
2024-04-02 09:20:05,656 - INFO - server end round 14
2024-04-02 09:20:05,656 - INFO - start aggregate ...
2024-04-02 09:20:05,697 - INFO - end aggregate!
2024-04-02 09:20:15,698 - INFO - server start round 15
2024-04-02 09:20:15,749 - INFO - Start training round 15 ...
2024-04-02 09:20:22,710 - INFO - server end round 15
2024-04-02 09:20:22,710 - INFO - start aggregate ...
2024-04-02 09:20:22,760 - INFO - end aggregate!
2024-04-02 09:20:32,761 - INFO - server start round 16
2024-04-02 09:20:32,820 - INFO - Start training round 16 ...
2024-04-02 09:20:39,785 - INFO - server end round 16
2024-04-02 09:20:39,785 - INFO - start aggregate ...
2024-04-02 09:20:39,829 - INFO - end aggregate!
2024-04-02 09:20:49,830 - INFO - server start round 17
2024-04-02 09:20:49,883 - INFO - Start training round 17 ...
2024-04-02 09:20:56,840 - INFO - server end round 17
2024-04-02 09:20:56,841 - INFO - start aggregate ...
2024-04-02 09:20:56,880 - INFO - end aggregate!
2024-04-02 09:21:06,881 - INFO - server start round 18
2024-04-02 09:21:06,926 - INFO - Start training round 18 ...
2024-04-02 09:21:12,889 - INFO - server end round 18
2024-04-02 09:21:12,889 - INFO - start aggregate ...
2024-04-02 09:21:12,931 - INFO - end aggregate!
2024-04-02 09:21:22,932 - INFO - server start round 19
2024-04-02 09:21:22,980 - INFO - Start training round 19 ...
2024-04-02 09:21:29,940 - INFO - server end round 19
2024-04-02 09:21:29,941 - INFO - start aggregate ...
2024-04-02 09:21:29,992 - INFO - end aggregate!
2024-04-02 09:21:39,993 - INFO - server start round 20
2024-04-02 09:21:40,037 - INFO - Start training round 20 ...
2024-04-02 09:21:46,003 - INFO - server end round 20
2024-04-02 09:21:46,004 - INFO - start aggregate ...
2024-04-02 09:21:46,044 - INFO - end aggregate!
2024-04-02 09:21:56,045 - INFO - server start round 21
2024-04-02 09:21:56,089 - INFO - Start training round 21 ...
2024-04-02 09:22:03,078 - INFO - server end round 21
2024-04-02 09:22:03,079 - INFO - start aggregate ...
2024-04-02 09:22:03,119 - INFO - end aggregate!
2024-04-02 09:22:13,120 - INFO - server start round 22
2024-04-02 09:22:13,168 - INFO - Start training round 22 ...
2024-04-02 09:22:20,129 - INFO - server end round 22
2024-04-02 09:22:20,129 - INFO - start aggregate ...
2024-04-02 09:22:20,168 - INFO - end aggregate!
2024-04-02 09:22:30,169 - INFO - server start round 23
2024-04-02 09:22:30,219 - INFO - Start training round 23 ...
2024-04-02 09:22:37,177 - INFO - server end round 23
2024-04-02 09:22:37,178 - INFO - start aggregate ...
2024-04-02 09:22:37,216 - INFO - end aggregate!
2024-04-02 09:22:47,217 - INFO - server start round 24
2024-04-02 09:22:47,265 - INFO - Start training round 24 ...
2024-04-02 09:22:54,227 - INFO - server end round 24
2024-04-02 09:22:54,228 - INFO - start aggregate ...
2024-04-02 09:22:54,267 - INFO - end aggregate!
2024-04-02 09:23:04,268 - INFO - server start round 25
2024-04-02 09:23:04,316 - INFO - Start training round 25 ...
2024-04-02 09:23:11,278 - INFO - server end round 25
2024-04-02 09:23:11,278 - INFO - start aggregate ...
2024-04-02 09:23:11,319 - INFO - end aggregate!
2024-04-02 09:23:21,319 - INFO - server start round 26
2024-04-02 09:23:21,370 - INFO - Start training round 26 ...
2024-04-02 09:23:28,336 - INFO - server end round 26
2024-04-02 09:23:28,336 - INFO - start aggregate ...
2024-04-02 09:23:28,377 - INFO - end aggregate!
2024-04-02 09:23:38,377 - INFO - server start round 27
2024-04-02 09:23:38,469 - INFO - Start training round 27 ...
2024-04-02 09:23:45,402 - INFO - server end round 27
2024-04-02 09:23:45,403 - INFO - start aggregate ...
2024-04-02 09:23:45,443 - INFO - end aggregate!
2024-04-02 09:23:55,444 - INFO - server start round 28
2024-04-02 09:23:55,517 - INFO - Start training round 28 ...
2024-04-02 09:24:01,453 - INFO - server end round 28
2024-04-02 09:24:01,453 - INFO - start aggregate ...
2024-04-02 09:24:01,493 - INFO - end aggregate!
2024-04-02 09:24:11,494 - INFO - server start round 29
2024-04-02 09:24:11,538 - INFO - Start training round 29 ...
2024-04-02 09:24:18,507 - INFO - server end round 29
2024-04-02 09:24:18,507 - INFO - start aggregate ...
2024-04-02 09:24:18,548 - INFO - end aggregate!
2024-04-02 09:24:28,549 - INFO - server start round 30
2024-04-02 09:24:28,594 - INFO - Start training round 30 ...
2024-04-02 09:24:35,567 - INFO - server end round 30
2024-04-02 09:24:35,567 - INFO - start aggregate ...
2024-04-02 09:24:35,608 - INFO - end aggregate!
2024-04-02 09:24:45,608 - INFO - server start round 31
2024-04-02 09:24:45,657 - INFO - Start training round 31 ...
2024-04-02 09:24:51,622 - INFO - server end round 31
2024-04-02 09:24:51,622 - INFO - start aggregate ...
2024-04-02 09:24:51,663 - INFO - end aggregate!
2024-04-02 09:25:01,664 - INFO - server start round 32
2024-04-02 09:25:01,718 - INFO - Start training round 32 ...
2024-04-02 09:25:08,673 - INFO - server end round 32
2024-04-02 09:25:08,674 - INFO - start aggregate ...
2024-04-02 09:25:08,716 - INFO - end aggregate!
2024-04-02 09:25:18,717 - INFO - server start round 33
2024-04-02 09:25:18,763 - INFO - Start training round 33 ...
2024-04-02 09:25:24,725 - INFO - server end round 33
2024-04-02 09:25:24,726 - INFO - start aggregate ...
2024-04-02 09:25:24,765 - INFO - end aggregate!
2024-04-02 09:25:34,766 - INFO - server start round 34
2024-04-02 09:25:34,820 - INFO - Start training round 34 ...
2024-04-02 09:25:41,774 - INFO - server end round 34
2024-04-02 09:25:41,774 - INFO - start aggregate ...
2024-04-02 09:25:41,815 - INFO - end aggregate!
2024-04-02 09:25:51,816 - INFO - server start round 35
2024-04-02 09:25:51,870 - INFO - Start training round 35 ...
2024-04-02 09:25:57,825 - INFO - server end round 35
2024-04-02 09:25:57,826 - INFO - start aggregate ...
2024-04-02 09:25:57,866 - INFO - end aggregate!
2024-04-02 09:26:07,867 - INFO - server start round 36
2024-04-02 09:26:07,918 - INFO - Start training round 36 ...
2024-04-02 09:26:14,878 - INFO - server end round 36
2024-04-02 09:26:14,878 - INFO - start aggregate ...
2024-04-02 09:26:14,918 - INFO - end aggregate!
2024-04-02 09:26:24,919 - INFO - server start round 37
2024-04-02 09:26:24,971 - INFO - Start training round 37 ...
2024-04-02 09:26:30,927 - INFO - server end round 37
2024-04-02 09:26:30,928 - INFO - start aggregate ...
2024-04-02 09:26:30,968 - INFO - end aggregate!
2024-04-02 09:26:40,969 - INFO - server start round 38
2024-04-02 09:26:41,021 - INFO - Start training round 38 ...
2024-04-02 09:26:46,977 - INFO - server end round 38
2024-04-02 09:26:46,977 - INFO - start aggregate ...
2024-04-02 09:26:47,017 - INFO - end aggregate!
2024-04-02 09:26:57,018 - INFO - server start round 39
2024-04-02 09:26:57,068 - INFO - Start training round 39 ...
2024-04-02 09:27:04,029 - INFO - server end round 39
2024-04-02 09:27:04,029 - INFO - start aggregate ...
2024-04-02 09:27:04,070 - INFO - end aggregate!
2024-04-02 09:27:14,070 - INFO - server start round 40
2024-04-02 09:27:14,116 - INFO - Start training round 40 ...
2024-04-02 09:27:21,079 - INFO - server end round 40
2024-04-02 09:27:21,079 - INFO - start aggregate ...
2024-04-02 09:27:21,119 - INFO - end aggregate!
2024-04-02 09:27:31,120 - INFO - server start round 41
2024-04-02 09:27:31,171 - INFO - Start training round 41 ...
2024-04-02 09:27:37,131 - INFO - server end round 41
2024-04-02 09:27:37,131 - INFO - start aggregate ...
2024-04-02 09:27:37,171 - INFO - end aggregate!
2024-04-02 09:27:47,172 - INFO - server start round 42
2024-04-02 09:27:47,218 - INFO - Start training round 42 ...
2024-04-02 09:27:54,183 - INFO - server end round 42
2024-04-02 09:27:54,183 - INFO - start aggregate ...
2024-04-02 09:27:54,224 - INFO - end aggregate!
2024-04-02 09:28:04,225 - INFO - server start round 43
2024-04-02 09:28:04,270 - INFO - Start training round 43 ...
2024-04-02 09:28:10,234 - INFO - server end round 43
2024-04-02 09:28:10,234 - INFO - start aggregate ...
2024-04-02 09:28:10,275 - INFO - end aggregate!
2024-04-02 09:28:20,276 - INFO - server start round 44
2024-04-02 09:28:20,326 - INFO - Start training round 44 ...
2024-04-02 09:28:27,285 - INFO - server end round 44
2024-04-02 09:28:27,285 - INFO - start aggregate ...
2024-04-02 09:28:27,325 - INFO - end aggregate!
2024-04-02 09:28:37,326 - INFO - server start round 45
2024-04-02 09:28:37,379 - INFO - Start training round 45 ...
2024-04-02 09:28:44,341 - INFO - server end round 45
2024-04-02 09:28:44,341 - INFO - start aggregate ...
2024-04-02 09:28:44,382 - INFO - end aggregate!
2024-04-02 09:28:54,383 - INFO - server start round 46
2024-04-02 09:28:54,431 - INFO - Start training round 46 ...
2024-04-02 09:29:01,391 - INFO - server end round 46
2024-04-02 09:29:01,392 - INFO - start aggregate ...
2024-04-02 09:29:01,436 - INFO - end aggregate!
2024-04-02 09:29:11,437 - INFO - server start round 47
2024-04-02 09:29:11,487 - INFO - Start training round 47 ...
2024-04-02 09:29:17,445 - INFO - server end round 47
2024-04-02 09:29:17,446 - INFO - start aggregate ...
2024-04-02 09:29:17,486 - INFO - end aggregate!
2024-04-02 09:29:27,487 - INFO - server start round 48
2024-04-02 09:29:27,542 - INFO - Start training round 48 ...
2024-04-02 09:29:34,500 - INFO - server end round 48
2024-04-02 09:29:34,501 - INFO - start aggregate ...
2024-04-02 09:29:34,541 - INFO - end aggregate!
2024-04-02 09:29:44,542 - INFO - server start round 49
2024-04-02 09:29:44,601 - INFO - Start training round 49 ...
2024-04-02 09:29:51,553 - INFO - server end round 49
2024-04-02 09:29:51,553 - INFO - start aggregate ...
2024-04-02 09:29:51,593 - INFO - end aggregate!
2024-04-02 09:30:01,594 - INFO - server start round 50
2024-04-02 09:30:01,649 - INFO - Start training round 50 ...
2024-04-02 09:30:08,603 - INFO - server end round 50
2024-04-02 09:30:08,604 - INFO - start aggregate ...
2024-04-02 09:30:08,643 - INFO - end aggregate!
2024-04-02 09:30:08,646 - INFO - Stop all!
2024-04-02 09:32:07,348 - INFO - server start round 1
2024-04-02 09:32:07,446 - INFO - Start training round 1 ...
2024-04-02 09:32:15,358 - INFO - server end round 1
2024-04-02 09:32:15,358 - INFO - start aggregate ...
2024-04-02 09:32:15,399 - INFO - end aggregate!
2024-04-02 09:32:25,400 - INFO - server start round 2
2024-04-02 09:32:25,446 - INFO - Start training round 2 ...
2024-04-02 09:32:32,415 - INFO - server end round 2
2024-04-02 09:32:32,415 - INFO - start aggregate ...
2024-04-02 09:32:32,457 - INFO - end aggregate!
2024-04-02 09:32:42,458 - INFO - server start round 3
2024-04-02 09:32:42,504 - INFO - Start training round 3 ...
2024-04-02 09:32:49,482 - INFO - server end round 3
2024-04-02 09:32:49,482 - INFO - start aggregate ...
2024-04-02 09:32:49,524 - INFO - end aggregate!
2024-04-02 09:32:59,525 - INFO - server start round 4
2024-04-02 09:32:59,582 - INFO - Start training round 4 ...
2024-04-02 09:33:05,534 - INFO - server end round 4
2024-04-02 09:33:05,534 - INFO - start aggregate ...
2024-04-02 09:33:05,575 - INFO - end aggregate!
2024-04-02 09:33:15,575 - INFO - server start round 5
2024-04-02 09:33:15,627 - INFO - Start training round 5 ...
2024-04-02 09:33:22,601 - INFO - server end round 5
2024-04-02 09:33:22,602 - INFO - start aggregate ...
2024-04-02 09:33:22,642 - INFO - end aggregate!
2024-04-02 09:33:32,643 - INFO - server start round 6
2024-04-02 09:33:32,695 - INFO - Start training round 6 ...
2024-04-02 09:33:39,652 - INFO - server end round 6
2024-04-02 09:33:39,653 - INFO - start aggregate ...
2024-04-02 09:33:39,692 - INFO - end aggregate!
2024-04-02 09:33:49,693 - INFO - server start round 7
2024-04-02 09:33:49,744 - INFO - Start training round 7 ...
2024-04-02 09:33:56,709 - INFO - server end round 7
2024-04-02 09:33:56,710 - INFO - start aggregate ...
2024-04-02 09:33:56,751 - INFO - end aggregate!
2024-04-02 09:34:06,752 - INFO - server start round 8
2024-04-02 09:34:06,796 - INFO - Start training round 8 ...
2024-04-02 09:34:12,761 - INFO - server end round 8
2024-04-02 09:34:12,761 - INFO - start aggregate ...
2024-04-02 09:34:12,803 - INFO - end aggregate!
2024-04-02 09:34:22,804 - INFO - server start round 9
2024-04-02 09:34:22,854 - INFO - Start training round 9 ...
2024-04-02 09:34:29,814 - INFO - server end round 9
2024-04-02 09:34:29,814 - INFO - start aggregate ...
2024-04-02 09:34:29,855 - INFO - end aggregate!
2024-04-02 09:34:39,856 - INFO - server start round 10
2024-04-02 09:34:39,900 - INFO - Start training round 10 ...
2024-04-02 09:34:45,863 - INFO - server end round 10
2024-04-02 09:34:45,864 - INFO - start aggregate ...
2024-04-02 09:34:45,905 - INFO - end aggregate!
2024-04-02 09:34:55,906 - INFO - server start round 11
2024-04-02 09:34:55,960 - INFO - Start training round 11 ...
2024-04-02 09:35:01,914 - INFO - server end round 11
2024-04-02 09:35:01,914 - INFO - start aggregate ...
2024-04-02 09:35:01,954 - INFO - end aggregate!
2024-04-02 09:35:11,955 - INFO - server start round 12
2024-04-02 09:35:12,013 - INFO - Start training round 12 ...
2024-04-02 09:35:18,965 - INFO - server end round 12
2024-04-02 09:35:18,966 - INFO - start aggregate ...
2024-04-02 09:35:19,005 - INFO - end aggregate!
2024-04-02 09:35:29,006 - INFO - server start round 13
2024-04-02 09:35:29,055 - INFO - Start training round 13 ...
2024-04-02 09:35:35,013 - INFO - server end round 13
2024-04-02 09:35:35,014 - INFO - start aggregate ...
2024-04-02 09:35:35,053 - INFO - end aggregate!
2024-04-02 09:35:45,054 - INFO - server start round 14
2024-04-02 09:35:45,144 - INFO - Start training round 14 ...
2024-04-02 09:35:52,078 - INFO - server end round 14
2024-04-02 09:35:52,079 - INFO - start aggregate ...
2024-04-02 09:35:52,121 - INFO - end aggregate!
2024-04-02 09:36:02,121 - INFO - server start round 15
2024-04-02 09:36:02,169 - INFO - Start training round 15 ...
2024-04-02 09:36:08,130 - INFO - server end round 15
2024-04-02 09:36:08,130 - INFO - start aggregate ...
2024-04-02 09:36:08,170 - INFO - end aggregate!
2024-04-02 09:36:18,170 - INFO - server start round 16
2024-04-02 09:36:18,224 - INFO - Start training round 16 ...
2024-04-02 09:36:25,201 - INFO - server end round 16
2024-04-02 09:36:25,201 - INFO - start aggregate ...
2024-04-02 09:36:25,241 - INFO - end aggregate!
2024-04-02 09:36:35,242 - INFO - server start round 17
2024-04-02 09:36:35,292 - INFO - Start training round 17 ...
2024-04-02 09:36:42,250 - INFO - server end round 17
2024-04-02 09:36:42,250 - INFO - start aggregate ...
2024-04-02 09:36:42,292 - INFO - end aggregate!
2024-04-02 09:36:52,293 - INFO - server start round 18
2024-04-02 09:36:52,337 - INFO - Start training round 18 ...
2024-04-02 09:36:59,301 - INFO - server end round 18
2024-04-02 09:36:59,302 - INFO - start aggregate ...
2024-04-02 09:36:59,343 - INFO - end aggregate!
2024-04-02 09:37:09,344 - INFO - server start round 19
2024-04-02 09:37:09,396 - INFO - Start training round 19 ...
2024-04-02 09:37:16,354 - INFO - server end round 19
2024-04-02 09:37:16,354 - INFO - start aggregate ...
2024-04-02 09:37:16,395 - INFO - end aggregate!
2024-04-02 09:37:26,396 - INFO - server start round 20
2024-04-02 09:37:26,449 - INFO - Start training round 20 ...
2024-04-02 09:37:33,410 - INFO - server end round 20
2024-04-02 09:37:33,411 - INFO - start aggregate ...
2024-04-02 09:37:33,451 - INFO - end aggregate!
2024-04-02 09:37:43,452 - INFO - server start round 21
2024-04-02 09:37:43,500 - INFO - Start training round 21 ...
2024-04-02 09:37:50,470 - INFO - server end round 21
2024-04-02 09:37:50,470 - INFO - start aggregate ...
2024-04-02 09:37:50,510 - INFO - end aggregate!
2024-04-02 09:38:00,511 - INFO - server start round 22
2024-04-02 09:38:00,554 - INFO - Start training round 22 ...
2024-04-02 09:38:07,521 - INFO - server end round 22
2024-04-02 09:38:07,522 - INFO - start aggregate ...
2024-04-02 09:38:07,564 - INFO - end aggregate!
2024-04-02 09:38:17,565 - INFO - server start round 23
2024-04-02 09:38:17,620 - INFO - Start training round 23 ...
2024-04-02 09:38:24,573 - INFO - server end round 23
2024-04-02 09:38:24,574 - INFO - start aggregate ...
2024-04-02 09:38:24,614 - INFO - end aggregate!
2024-04-02 09:38:34,615 - INFO - server start round 24
2024-04-02 09:38:34,660 - INFO - Start training round 24 ...
2024-04-02 09:38:40,624 - INFO - server end round 24
2024-04-02 09:38:40,625 - INFO - start aggregate ...
2024-04-02 09:38:40,666 - INFO - end aggregate!
2024-04-02 09:38:50,667 - INFO - server start round 25
2024-04-02 09:38:50,713 - INFO - Start training round 25 ...
2024-04-02 09:38:57,711 - INFO - server end round 25
2024-04-02 09:38:57,712 - INFO - start aggregate ...
2024-04-02 09:38:57,753 - INFO - end aggregate!
2024-04-02 09:39:07,754 - INFO - server start round 26
2024-04-02 09:39:07,801 - INFO - Start training round 26 ...
2024-04-02 09:39:14,774 - INFO - server end round 26
2024-04-02 09:39:14,774 - INFO - start aggregate ...
2024-04-02 09:39:14,815 - INFO - end aggregate!
2024-04-02 09:39:24,816 - INFO - server start round 27
2024-04-02 09:39:24,863 - INFO - Start training round 27 ...
2024-04-02 09:39:30,825 - INFO - server end round 27
2024-04-02 09:39:30,825 - INFO - start aggregate ...
2024-04-02 09:39:30,866 - INFO - end aggregate!
2024-04-02 09:39:40,867 - INFO - server start round 28
2024-04-02 09:39:40,910 - INFO - Start training round 28 ...
2024-04-02 09:39:47,878 - INFO - server end round 28
2024-04-02 09:39:47,878 - INFO - start aggregate ...
2024-04-02 09:39:47,920 - INFO - end aggregate!
2024-04-02 09:39:57,921 - INFO - server start round 29
2024-04-02 09:39:57,973 - INFO - Start training round 29 ...
2024-04-02 09:40:03,929 - INFO - server end round 29
2024-04-02 09:40:03,929 - INFO - start aggregate ...
2024-04-02 09:40:03,970 - INFO - end aggregate!
2024-04-02 09:40:13,971 - INFO - server start round 30
2024-04-02 09:40:14,026 - INFO - Start training round 30 ...
2024-04-02 09:40:19,977 - INFO - server end round 30
2024-04-02 09:40:19,978 - INFO - start aggregate ...
2024-04-02 09:40:20,018 - INFO - end aggregate!
2024-04-02 09:40:30,019 - INFO - server start round 31
2024-04-02 09:40:30,069 - INFO - Start training round 31 ...
2024-04-02 09:40:37,028 - INFO - server end round 31
2024-04-02 09:40:37,028 - INFO - start aggregate ...
2024-04-02 09:40:37,069 - INFO - end aggregate!
2024-04-02 09:40:47,070 - INFO - server start round 32
2024-04-02 09:40:47,117 - INFO - Start training round 32 ...
2024-04-02 09:40:54,085 - INFO - server end round 32
2024-04-02 09:40:54,085 - INFO - start aggregate ...
2024-04-02 09:40:54,126 - INFO - end aggregate!
2024-04-02 09:41:04,127 - INFO - server start round 33
2024-04-02 09:41:04,171 - INFO - Start training round 33 ...
2024-04-02 09:41:11,136 - INFO - server end round 33
2024-04-02 09:41:11,136 - INFO - start aggregate ...
2024-04-02 09:41:11,178 - INFO - end aggregate!
2024-04-02 09:41:21,178 - INFO - server start round 34
2024-04-02 09:41:21,225 - INFO - Start training round 34 ...
2024-04-02 09:41:28,187 - INFO - server end round 34
2024-04-02 09:41:28,188 - INFO - start aggregate ...
2024-04-02 09:41:28,229 - INFO - end aggregate!
2024-04-02 09:41:38,230 - INFO - server start round 35
2024-04-02 09:41:38,312 - INFO - Start training round 35 ...
2024-04-02 09:41:45,254 - INFO - server end round 35
2024-04-02 09:41:45,255 - INFO - start aggregate ...
2024-04-02 09:41:45,297 - INFO - end aggregate!
2024-04-02 09:41:55,298 - INFO - server start round 36
2024-04-02 09:41:55,348 - INFO - Start training round 36 ...
2024-04-02 09:42:02,305 - INFO - server end round 36
2024-04-02 09:42:02,305 - INFO - start aggregate ...
2024-04-02 09:42:02,347 - INFO - end aggregate!
2024-04-02 09:42:12,348 - INFO - server start round 37
2024-04-02 09:42:12,394 - INFO - Start training round 37 ...
2024-04-02 09:42:19,360 - INFO - server end round 37
2024-04-02 09:42:19,360 - INFO - start aggregate ...
2024-04-02 09:42:19,402 - INFO - end aggregate!
2024-04-02 09:42:29,403 - INFO - server start round 38
2024-04-02 09:42:29,451 - INFO - Start training round 38 ...
2024-04-02 09:42:36,412 - INFO - server end round 38
2024-04-02 09:42:36,412 - INFO - start aggregate ...
2024-04-02 09:42:36,454 - INFO - end aggregate!
2024-04-02 09:42:46,454 - INFO - server start round 39
2024-04-02 09:42:46,502 - INFO - Start training round 39 ...
2024-04-02 09:42:53,470 - INFO - server end round 39
2024-04-02 09:42:53,470 - INFO - start aggregate ...
2024-04-02 09:42:53,511 - INFO - end aggregate!
2024-04-02 09:43:03,512 - INFO - server start round 40
2024-04-02 09:43:03,559 - INFO - Start training round 40 ...
2024-04-02 09:43:09,520 - INFO - server end round 40
2024-04-02 09:43:09,521 - INFO - start aggregate ...
2024-04-02 09:43:09,560 - INFO - end aggregate!
2024-04-02 09:43:19,561 - INFO - server start round 41
2024-04-02 09:43:19,608 - INFO - Start training round 41 ...
2024-04-02 09:43:26,571 - INFO - server end round 41
2024-04-02 09:43:26,571 - INFO - start aggregate ...
2024-04-02 09:43:26,613 - INFO - end aggregate!
2024-04-02 09:43:36,614 - INFO - server start round 42
2024-04-02 09:43:36,664 - INFO - Start training round 42 ...
2024-04-02 09:43:42,624 - INFO - server end round 42
2024-04-02 09:43:42,625 - INFO - start aggregate ...
2024-04-02 09:43:42,665 - INFO - end aggregate!
2024-04-02 09:43:52,665 - INFO - server start round 43
2024-04-02 09:43:52,716 - INFO - Start training round 43 ...
2024-04-02 09:43:59,680 - INFO - server end round 43
2024-04-02 09:43:59,681 - INFO - start aggregate ...
2024-04-02 09:43:59,720 - INFO - end aggregate!
2024-04-02 09:44:09,721 - INFO - server start round 44
2024-04-02 09:44:09,787 - INFO - Start training round 44 ...
2024-04-02 09:44:15,729 - INFO - server end round 44
2024-04-02 09:44:15,729 - INFO - start aggregate ...
2024-04-02 09:44:15,770 - INFO - end aggregate!
2024-04-02 09:44:25,771 - INFO - server start round 45
2024-04-02 09:44:25,819 - INFO - Start training round 45 ...
2024-04-02 09:44:32,780 - INFO - server end round 45
2024-04-02 09:44:32,780 - INFO - start aggregate ...
2024-04-02 09:44:32,819 - INFO - end aggregate!
2024-04-02 09:44:42,820 - INFO - server start round 46
2024-04-02 09:44:42,865 - INFO - Start training round 46 ...
2024-04-02 09:44:49,828 - INFO - server end round 46
2024-04-02 09:44:49,829 - INFO - start aggregate ...
2024-04-02 09:44:49,869 - INFO - end aggregate!
2024-04-02 09:44:59,869 - INFO - server start round 47
2024-04-02 09:44:59,920 - INFO - Start training round 47 ...
2024-04-02 09:45:06,881 - INFO - server end round 47
2024-04-02 09:45:06,882 - INFO - start aggregate ...
2024-04-02 09:45:06,923 - INFO - end aggregate!
2024-04-02 09:45:16,923 - INFO - server start round 48
2024-04-02 09:45:16,966 - INFO - Start training round 48 ...
2024-04-02 09:45:23,945 - INFO - server end round 48
2024-04-02 09:45:23,945 - INFO - start aggregate ...
2024-04-02 09:45:23,986 - INFO - end aggregate!
2024-04-02 09:45:33,987 - INFO - server start round 49
2024-04-02 09:45:34,038 - INFO - Start training round 49 ...
2024-04-02 09:45:40,998 - INFO - server end round 49
2024-04-02 09:45:40,998 - INFO - start aggregate ...
2024-04-02 09:45:41,039 - INFO - end aggregate!
2024-04-02 09:45:51,040 - INFO - server start round 50
2024-04-02 09:45:51,086 - INFO - Start training round 50 ...
2024-04-02 09:45:58,049 - INFO - server end round 50
2024-04-02 09:45:58,049 - INFO - start aggregate ...
2024-04-02 09:45:58,090 - INFO - end aggregate!
2024-04-02 09:45:58,091 - INFO - Stop all!
2024-04-02 09:49:58,706 - INFO - server start round 1
2024-04-02 09:49:58,816 - INFO - Start training round 1 ...
2024-04-02 09:50:06,716 - INFO - server end round 1
2024-04-02 09:50:06,716 - INFO - start aggregate ...
2024-04-02 09:50:06,758 - INFO - end aggregate!
2024-04-02 09:50:16,758 - INFO - server start round 2
2024-04-02 09:50:16,819 - INFO - Start training round 2 ...
2024-04-02 09:50:23,783 - INFO - server end round 2
2024-04-02 09:50:23,783 - INFO - start aggregate ...
2024-04-02 09:50:23,824 - INFO - end aggregate!
2024-04-02 09:50:33,825 - INFO - server start round 3
2024-04-02 09:50:33,877 - INFO - Start training round 3 ...
2024-04-02 09:50:39,836 - INFO - server end round 3
2024-04-02 09:50:39,836 - INFO - start aggregate ...
2024-04-02 09:50:39,879 - INFO - end aggregate!
2024-04-02 09:50:49,880 - INFO - server start round 4
2024-04-02 09:50:49,933 - INFO - Start training round 4 ...
2024-04-02 09:50:56,889 - INFO - server end round 4
2024-04-02 09:50:56,890 - INFO - start aggregate ...
2024-04-02 09:50:56,931 - INFO - end aggregate!
2024-04-02 09:51:06,932 - INFO - server start round 5
2024-04-02 09:51:06,987 - INFO - Start training round 5 ...
2024-04-02 09:51:13,956 - INFO - server end round 5
2024-04-02 09:51:13,956 - INFO - start aggregate ...
2024-04-02 09:51:14,020 - INFO - end aggregate!
2024-04-02 09:51:24,021 - INFO - server start round 6
2024-04-02 09:51:24,064 - INFO - Start training round 6 ...
2024-04-02 09:51:31,033 - INFO - server end round 6
2024-04-02 09:51:31,034 - INFO - start aggregate ...
2024-04-02 09:51:31,076 - INFO - end aggregate!
2024-04-02 09:51:41,076 - INFO - server start round 7
2024-04-02 09:51:41,122 - INFO - Start training round 7 ...
2024-04-02 09:51:47,084 - INFO - server end round 7
2024-04-02 09:51:47,085 - INFO - start aggregate ...
2024-04-02 09:51:47,124 - INFO - end aggregate!
2024-04-02 09:51:57,124 - INFO - server start round 8
2024-04-02 09:51:57,180 - INFO - Start training round 8 ...
2024-04-02 09:52:03,135 - INFO - server end round 8
2024-04-02 09:52:03,136 - INFO - start aggregate ...
2024-04-02 09:52:03,176 - INFO - end aggregate!
2024-04-02 09:52:13,177 - INFO - server start round 9
2024-04-02 09:52:13,232 - INFO - Start training round 9 ...
2024-04-02 09:52:20,185 - INFO - server end round 9
2024-04-02 09:52:20,185 - INFO - start aggregate ...
2024-04-02 09:52:20,225 - INFO - end aggregate!
2024-04-02 09:52:30,226 - INFO - server start round 10
2024-04-02 09:52:30,267 - INFO - Start training round 10 ...
2024-04-02 09:52:36,235 - INFO - server end round 10
2024-04-02 09:52:36,235 - INFO - start aggregate ...
2024-04-02 09:52:36,276 - INFO - end aggregate!
2024-04-02 09:52:46,277 - INFO - server start round 11
2024-04-02 09:52:46,321 - INFO - Start training round 11 ...
2024-04-02 09:52:53,286 - INFO - server end round 11
2024-04-02 09:52:53,287 - INFO - start aggregate ...
2024-04-02 09:52:53,327 - INFO - end aggregate!
2024-04-02 09:53:03,328 - INFO - server start round 12
2024-04-02 09:53:03,377 - INFO - Start training round 12 ...
2024-04-02 09:53:10,336 - INFO - server end round 12
2024-04-02 09:53:10,336 - INFO - start aggregate ...
2024-04-02 09:53:10,377 - INFO - end aggregate!
2024-04-02 09:53:20,378 - INFO - server start round 13
2024-04-02 09:53:20,431 - INFO - Start training round 13 ...
2024-04-02 09:53:26,385 - INFO - server end round 13
2024-04-02 09:53:26,385 - INFO - start aggregate ...
2024-04-02 09:53:26,426 - INFO - end aggregate!
2024-04-02 09:53:36,427 - INFO - server start round 14
2024-04-02 09:53:36,514 - INFO - Start training round 14 ...
2024-04-02 09:53:42,445 - INFO - server end round 14
2024-04-02 09:53:42,445 - INFO - start aggregate ...
2024-04-02 09:53:42,487 - INFO - end aggregate!
2024-04-02 09:53:52,488 - INFO - server start round 15
2024-04-02 09:53:52,574 - INFO - Start training round 15 ...
2024-04-02 09:53:58,497 - INFO - server end round 15
2024-04-02 09:53:58,497 - INFO - start aggregate ...
2024-04-02 09:53:58,538 - INFO - end aggregate!
2024-04-02 09:54:08,539 - INFO - server start round 16
2024-04-02 09:54:08,588 - INFO - Start training round 16 ...
2024-04-02 09:54:14,548 - INFO - server end round 16
2024-04-02 09:54:14,549 - INFO - start aggregate ...
2024-04-02 09:54:14,589 - INFO - end aggregate!
2024-04-02 09:54:24,590 - INFO - server start round 17
2024-04-02 09:54:24,635 - INFO - Start training round 17 ...
2024-04-02 09:54:31,602 - INFO - server end round 17
2024-04-02 09:54:31,603 - INFO - start aggregate ...
2024-04-02 09:54:31,648 - INFO - end aggregate!
2024-04-02 09:54:41,649 - INFO - server start round 18
2024-04-02 09:54:41,702 - INFO - Start training round 18 ...
2024-04-02 09:54:48,659 - INFO - server end round 18
2024-04-02 09:54:48,659 - INFO - start aggregate ...
2024-04-02 09:54:48,700 - INFO - end aggregate!
2024-04-02 09:54:58,701 - INFO - server start round 19
2024-04-02 09:54:58,755 - INFO - Start training round 19 ...
2024-04-02 09:55:05,712 - INFO - server end round 19
2024-04-02 09:55:05,712 - INFO - start aggregate ...
2024-04-02 09:55:05,752 - INFO - end aggregate!
2024-04-02 09:55:15,753 - INFO - server start round 20
2024-04-02 09:55:15,800 - INFO - Start training round 20 ...
2024-04-02 09:55:22,779 - INFO - server end round 20
2024-04-02 09:55:22,779 - INFO - start aggregate ...
2024-04-02 09:55:22,817 - INFO - end aggregate!
2024-04-02 09:55:32,818 - INFO - server start round 21
2024-04-02 09:55:32,870 - INFO - Start training round 21 ...
2024-04-02 09:55:39,844 - INFO - server end round 21
2024-04-02 09:55:39,845 - INFO - start aggregate ...
2024-04-02 09:55:39,886 - INFO - end aggregate!
2024-04-02 09:55:49,887 - INFO - server start round 22
2024-04-02 09:55:49,932 - INFO - Start training round 22 ...
2024-04-02 09:55:56,898 - INFO - server end round 22
2024-04-02 09:55:56,898 - INFO - start aggregate ...
2024-04-02 09:55:56,948 - INFO - end aggregate!
2024-04-02 09:56:06,948 - INFO - server start round 23
2024-04-02 09:56:07,007 - INFO - Start training round 23 ...
2024-04-02 09:56:13,958 - INFO - server end round 23
2024-04-02 09:56:13,958 - INFO - start aggregate ...
2024-04-02 09:56:13,999 - INFO - end aggregate!
2024-04-02 09:56:24,000 - INFO - server start round 24
2024-04-02 09:56:24,047 - INFO - Start training round 24 ...
2024-04-02 09:56:31,009 - INFO - server end round 24
2024-04-02 09:56:31,010 - INFO - start aggregate ...
2024-04-02 09:56:31,052 - INFO - end aggregate!
2024-04-02 09:56:41,053 - INFO - server start round 25
2024-04-02 09:56:41,101 - INFO - Start training round 25 ...
2024-04-02 09:56:47,060 - INFO - server end round 25
2024-04-02 09:56:47,061 - INFO - start aggregate ...
2024-04-02 09:56:47,102 - INFO - end aggregate!
2024-04-02 09:56:57,103 - INFO - server start round 26
2024-04-02 09:56:57,149 - INFO - Start training round 26 ...
2024-04-02 09:57:04,118 - INFO - server end round 26
2024-04-02 09:57:04,119 - INFO - start aggregate ...
2024-04-02 09:57:04,160 - INFO - end aggregate!
2024-04-02 09:57:14,161 - INFO - server start round 27
2024-04-02 09:57:14,198 - INFO - Start training round 27 ...
2024-04-02 09:57:21,171 - INFO - server end round 27
2024-04-02 09:57:21,171 - INFO - start aggregate ...
2024-04-02 09:57:21,211 - INFO - end aggregate!
2024-04-02 09:57:31,212 - INFO - server start round 28
2024-04-02 09:57:31,258 - INFO - Start training round 28 ...
2024-04-02 09:57:38,220 - INFO - server end round 28
2024-04-02 09:57:38,221 - INFO - start aggregate ...
2024-04-02 09:57:38,261 - INFO - end aggregate!
2024-04-02 09:57:48,262 - INFO - server start round 29
2024-04-02 09:57:48,311 - INFO - Start training round 29 ...
2024-04-02 09:57:54,269 - INFO - server end round 29
2024-04-02 09:57:54,270 - INFO - start aggregate ...
2024-04-02 09:57:54,309 - INFO - end aggregate!
2024-04-02 09:58:04,310 - INFO - server start round 30
2024-04-02 09:58:04,359 - INFO - Start training round 30 ...
2024-04-02 09:58:11,322 - INFO - server end round 30
2024-04-02 09:58:11,322 - INFO - start aggregate ...
2024-04-02 09:58:11,363 - INFO - end aggregate!
2024-04-02 09:58:21,363 - INFO - server start round 31
2024-04-02 09:58:21,408 - INFO - Start training round 31 ...
2024-04-02 09:58:28,384 - INFO - server end round 31
2024-04-02 09:58:28,384 - INFO - start aggregate ...
2024-04-02 09:58:28,424 - INFO - end aggregate!
2024-04-02 09:58:38,425 - INFO - server start round 32
2024-04-02 09:58:38,472 - INFO - Start training round 32 ...
2024-04-02 09:58:45,438 - INFO - server end round 32
2024-04-02 09:58:45,438 - INFO - start aggregate ...
2024-04-02 09:58:45,480 - INFO - end aggregate!
2024-04-02 09:58:55,481 - INFO - server start round 33
2024-04-02 09:58:55,530 - INFO - Start training round 33 ...
2024-04-02 09:59:01,491 - INFO - server end round 33
2024-04-02 09:59:01,491 - INFO - start aggregate ...
2024-04-02 09:59:01,532 - INFO - end aggregate!
2024-04-02 09:59:11,533 - INFO - server start round 34
2024-04-02 09:59:11,588 - INFO - Start training round 34 ...
2024-04-02 09:59:17,543 - INFO - server end round 34
2024-04-02 09:59:17,543 - INFO - start aggregate ...
2024-04-02 09:59:17,584 - INFO - end aggregate!
2024-04-02 09:59:27,585 - INFO - server start round 35
2024-04-02 09:59:27,636 - INFO - Start training round 35 ...
2024-04-02 09:59:33,594 - INFO - server end round 35
2024-04-02 09:59:33,594 - INFO - start aggregate ...
2024-04-02 09:59:33,651 - INFO - end aggregate!
2024-04-02 09:59:43,652 - INFO - server start round 36
2024-04-02 09:59:43,695 - INFO - Start training round 36 ...
2024-04-02 09:59:50,664 - INFO - server end round 36
2024-04-02 09:59:50,664 - INFO - start aggregate ...
2024-04-02 09:59:50,704 - INFO - end aggregate!
2024-04-02 10:00:00,705 - INFO - server start round 37
2024-04-02 10:00:00,754 - INFO - Start training round 37 ...
2024-04-02 10:00:07,730 - INFO - server end round 37
2024-04-02 10:00:07,730 - INFO - start aggregate ...
2024-04-02 10:00:07,770 - INFO - end aggregate!
2024-04-02 10:00:17,771 - INFO - server start round 38
2024-04-02 10:00:17,822 - INFO - Start training round 38 ...
2024-04-02 10:00:24,781 - INFO - server end round 38
2024-04-02 10:00:24,781 - INFO - start aggregate ...
2024-04-02 10:00:24,821 - INFO - end aggregate!
2024-04-02 10:00:34,822 - INFO - server start round 39
2024-04-02 10:00:34,876 - INFO - Start training round 39 ...
2024-04-02 10:00:41,837 - INFO - server end round 39
2024-04-02 10:00:41,837 - INFO - start aggregate ...
2024-04-02 10:00:41,878 - INFO - end aggregate!
2024-04-02 10:00:51,879 - INFO - server start round 40
2024-04-02 10:00:51,926 - INFO - Start training round 40 ...
2024-04-02 10:00:57,886 - INFO - server end round 40
2024-04-02 10:00:57,886 - INFO - start aggregate ...
2024-04-02 10:00:57,927 - INFO - end aggregate!
2024-04-02 10:01:07,928 - INFO - server start round 41
2024-04-02 10:01:07,979 - INFO - Start training round 41 ...
2024-04-02 10:01:14,946 - INFO - server end round 41
2024-04-02 10:01:14,946 - INFO - start aggregate ...
2024-04-02 10:01:14,986 - INFO - end aggregate!
2024-04-02 10:01:24,987 - INFO - server start round 42
2024-04-02 10:01:25,040 - INFO - Start training round 42 ...
2024-04-02 10:01:31,998 - INFO - server end round 42
2024-04-02 10:01:31,998 - INFO - start aggregate ...
2024-04-02 10:01:32,039 - INFO - end aggregate!
2024-04-02 10:01:42,040 - INFO - server start round 43
2024-04-02 10:01:42,091 - INFO - Start training round 43 ...
2024-04-02 10:01:49,050 - INFO - server end round 43
2024-04-02 10:01:49,050 - INFO - start aggregate ...
2024-04-02 10:01:49,112 - INFO - end aggregate!
2024-04-02 10:01:59,113 - INFO - server start round 44
2024-04-02 10:01:59,164 - INFO - Start training round 44 ...
2024-04-02 10:02:06,122 - INFO - server end round 44
2024-04-02 10:02:06,122 - INFO - start aggregate ...
2024-04-02 10:02:06,164 - INFO - end aggregate!
2024-04-02 10:02:16,164 - INFO - server start round 45
2024-04-02 10:02:16,213 - INFO - Start training round 45 ...
2024-04-02 10:02:23,176 - INFO - server end round 45
2024-04-02 10:02:23,176 - INFO - start aggregate ...
2024-04-02 10:02:23,217 - INFO - end aggregate!
2024-04-02 10:02:33,218 - INFO - server start round 46
2024-04-02 10:02:33,265 - INFO - Start training round 46 ...
2024-04-02 10:02:40,226 - INFO - server end round 46
2024-04-02 10:02:40,227 - INFO - start aggregate ...
2024-04-02 10:02:40,267 - INFO - end aggregate!
2024-04-02 10:02:50,268 - INFO - server start round 47
2024-04-02 10:02:50,317 - INFO - Start training round 47 ...
2024-04-02 10:02:57,277 - INFO - server end round 47
2024-04-02 10:02:57,278 - INFO - start aggregate ...
2024-04-02 10:02:57,318 - INFO - end aggregate!
2024-04-02 10:03:07,319 - INFO - server start round 48
2024-04-02 10:03:07,366 - INFO - Start training round 48 ...
2024-04-02 10:03:14,328 - INFO - server end round 48
2024-04-02 10:03:14,328 - INFO - start aggregate ...
2024-04-02 10:03:14,368 - INFO - end aggregate!
2024-04-02 10:03:24,369 - INFO - server start round 49
2024-04-02 10:03:24,418 - INFO - Start training round 49 ...
2024-04-02 10:03:31,378 - INFO - server end round 49
2024-04-02 10:03:31,378 - INFO - start aggregate ...
2024-04-02 10:03:31,420 - INFO - end aggregate!
2024-04-02 10:03:41,421 - INFO - server start round 50
2024-04-02 10:03:41,477 - INFO - Start training round 50 ...
2024-04-02 10:03:47,432 - INFO - server end round 50
2024-04-02 10:03:47,433 - INFO - start aggregate ...
2024-04-02 10:03:47,474 - INFO - end aggregate!
2024-04-02 10:03:47,488 - INFO - Stop all!
2024-04-02 10:06:38,555 - INFO - server start round 1
2024-04-02 10:06:38,677 - INFO - Start training round 1 ...
2024-04-02 10:06:46,566 - INFO - server end round 1
2024-04-02 10:06:46,566 - INFO - start aggregate ...
2024-04-02 10:06:46,610 - INFO - end aggregate!
2024-04-02 10:06:56,611 - INFO - server start round 2
2024-04-02 10:06:56,670 - INFO - Start training round 2 ...
2024-04-02 10:07:03,653 - INFO - server end round 2
2024-04-02 10:07:03,653 - INFO - start aggregate ...
2024-04-02 10:07:03,698 - INFO - end aggregate!
2024-04-02 10:07:13,699 - INFO - server start round 3
2024-04-02 10:07:13,750 - INFO - Start training round 3 ...
2024-04-02 10:07:20,733 - INFO - server end round 3
2024-04-02 10:07:20,734 - INFO - start aggregate ...
2024-04-02 10:07:20,777 - INFO - end aggregate!
2024-04-02 10:07:30,778 - INFO - server start round 4
2024-04-02 10:07:30,833 - INFO - Start training round 4 ...
2024-04-02 10:07:37,789 - INFO - server end round 4
2024-04-02 10:07:37,790 - INFO - start aggregate ...
2024-04-02 10:07:37,835 - INFO - end aggregate!
2024-04-02 10:07:47,836 - INFO - server start round 5
2024-04-02 10:07:47,893 - INFO - Start training round 5 ...
2024-04-02 10:07:54,856 - INFO - server end round 5
2024-04-02 10:07:54,857 - INFO - start aggregate ...
2024-04-02 10:07:54,902 - INFO - end aggregate!
2024-04-02 10:08:04,903 - INFO - server start round 6
2024-04-02 10:08:04,957 - INFO - Start training round 6 ...
2024-04-02 10:08:11,928 - INFO - server end round 6
2024-04-02 10:08:11,928 - INFO - start aggregate ...
2024-04-02 10:08:11,972 - INFO - end aggregate!
2024-04-02 10:08:21,973 - INFO - server start round 7
2024-04-02 10:08:22,025 - INFO - Start training round 7 ...
2024-04-02 10:08:29,013 - INFO - server end round 7
2024-04-02 10:08:29,013 - INFO - start aggregate ...
2024-04-02 10:08:29,056 - INFO - end aggregate!
2024-04-02 10:08:39,057 - INFO - server start round 8
2024-04-02 10:08:39,113 - INFO - Start training round 8 ...
2024-04-02 10:08:46,084 - INFO - server end round 8
2024-04-02 10:08:46,084 - INFO - start aggregate ...
2024-04-02 10:08:46,129 - INFO - end aggregate!
2024-04-02 10:08:56,129 - INFO - server start round 9
2024-04-02 10:08:56,183 - INFO - Start training round 9 ...
2024-04-02 10:09:03,154 - INFO - server end round 9
2024-04-02 10:09:03,155 - INFO - start aggregate ...
2024-04-02 10:09:03,199 - INFO - end aggregate!
2024-04-02 10:09:13,200 - INFO - server start round 10
2024-04-02 10:09:13,245 - INFO - Start training round 10 ...
2024-04-02 10:09:20,214 - INFO - server end round 10
2024-04-02 10:09:20,215 - INFO - start aggregate ...
2024-04-02 10:09:20,257 - INFO - end aggregate!
2024-04-02 10:09:30,258 - INFO - server start round 11
2024-04-02 10:09:30,316 - INFO - Start training round 11 ...
2024-04-02 10:09:37,316 - INFO - server end round 11
2024-04-02 10:09:37,316 - INFO - start aggregate ...
2024-04-02 10:09:37,360 - INFO - end aggregate!
2024-04-02 10:09:47,361 - INFO - server start round 12
2024-04-02 10:09:47,424 - INFO - Start training round 12 ...
2024-04-02 10:09:54,397 - INFO - server end round 12
2024-04-02 10:09:54,398 - INFO - start aggregate ...
2024-04-02 10:09:54,442 - INFO - end aggregate!
2024-04-02 10:10:04,443 - INFO - server start round 13
2024-04-02 10:10:04,492 - INFO - Start training round 13 ...
2024-04-02 10:10:11,452 - INFO - server end round 13
2024-04-02 10:10:11,453 - INFO - start aggregate ...
2024-04-02 10:10:11,497 - INFO - end aggregate!
2024-04-02 10:10:21,498 - INFO - server start round 14
2024-04-02 10:10:21,549 - INFO - Start training round 14 ...
2024-04-02 10:10:28,517 - INFO - server end round 14
2024-04-02 10:10:28,517 - INFO - start aggregate ...
2024-04-02 10:10:28,562 - INFO - end aggregate!
2024-04-02 10:10:38,563 - INFO - server start round 15
2024-04-02 10:10:38,618 - INFO - Start training round 15 ...
2024-04-02 10:10:45,601 - INFO - server end round 15
2024-04-02 10:10:45,602 - INFO - start aggregate ...
2024-04-02 10:10:45,647 - INFO - end aggregate!
2024-04-02 10:10:55,647 - INFO - server start round 16
2024-04-02 10:10:55,739 - INFO - Start training round 16 ...
2024-04-02 10:11:02,670 - INFO - server end round 16
2024-04-02 10:11:02,670 - INFO - start aggregate ...
2024-04-02 10:11:02,715 - INFO - end aggregate!
2024-04-02 10:11:12,716 - INFO - server start round 17
2024-04-02 10:11:12,775 - INFO - Start training round 17 ...
2024-04-02 10:11:19,733 - INFO - server end round 17
2024-04-02 10:11:19,734 - INFO - start aggregate ...
2024-04-02 10:11:19,778 - INFO - end aggregate!
2024-04-02 10:11:29,779 - INFO - server start round 18
2024-04-02 10:11:29,877 - INFO - Start training round 18 ...
2024-04-02 10:11:36,797 - INFO - server end round 18
2024-04-02 10:11:36,797 - INFO - start aggregate ...
2024-04-02 10:11:36,841 - INFO - end aggregate!
2024-04-02 10:11:46,842 - INFO - server start round 19
2024-04-02 10:11:46,897 - INFO - Start training round 19 ...
2024-04-02 10:11:53,881 - INFO - server end round 19
2024-04-02 10:11:53,881 - INFO - start aggregate ...
2024-04-02 10:11:53,926 - INFO - end aggregate!
2024-04-02 10:12:03,927 - INFO - server start round 20
2024-04-02 10:12:03,972 - INFO - Start training round 20 ...
2024-04-02 10:12:10,947 - INFO - server end round 20
2024-04-02 10:12:10,947 - INFO - start aggregate ...
2024-04-02 10:12:10,993 - INFO - end aggregate!
2024-04-02 10:12:20,994 - INFO - server start round 21
2024-04-02 10:12:21,047 - INFO - Start training round 21 ...
2024-04-02 10:12:28,003 - INFO - server end round 21
2024-04-02 10:12:28,003 - INFO - start aggregate ...
2024-04-02 10:12:28,049 - INFO - end aggregate!
2024-04-02 10:12:38,050 - INFO - server start round 22
2024-04-02 10:12:38,101 - INFO - Start training round 22 ...
2024-04-02 10:12:45,087 - INFO - server end round 22
2024-04-02 10:12:45,087 - INFO - start aggregate ...
2024-04-02 10:12:45,131 - INFO - end aggregate!
2024-04-02 10:12:55,132 - INFO - server start round 23
2024-04-02 10:12:55,182 - INFO - Start training round 23 ...
2024-04-02 10:13:02,157 - INFO - server end round 23
2024-04-02 10:13:02,157 - INFO - start aggregate ...
2024-04-02 10:13:02,200 - INFO - end aggregate!
2024-04-02 10:13:12,201 - INFO - server start round 24
2024-04-02 10:13:12,285 - INFO - Start training round 24 ...
2024-04-02 10:13:19,215 - INFO - server end round 24
2024-04-02 10:13:19,216 - INFO - start aggregate ...
2024-04-02 10:13:19,260 - INFO - end aggregate!
2024-04-02 10:13:29,261 - INFO - server start round 25
2024-04-02 10:13:29,316 - INFO - Start training round 25 ...
2024-04-02 10:13:36,299 - INFO - server end round 25
2024-04-02 10:13:36,299 - INFO - start aggregate ...
2024-04-02 10:13:36,343 - INFO - end aggregate!
2024-04-02 10:13:46,344 - INFO - server start round 26
2024-04-02 10:13:46,394 - INFO - Start training round 26 ...
2024-04-02 10:13:53,358 - INFO - server end round 26
2024-04-02 10:13:53,359 - INFO - start aggregate ...
2024-04-02 10:13:53,411 - INFO - end aggregate!
2024-04-02 10:14:03,412 - INFO - server start round 27
2024-04-02 10:14:03,468 - INFO - Start training round 27 ...
2024-04-02 10:14:10,446 - INFO - server end round 27
2024-04-02 10:14:10,446 - INFO - start aggregate ...
2024-04-02 10:14:10,490 - INFO - end aggregate!
2024-04-02 10:14:20,491 - INFO - server start round 28
2024-04-02 10:14:20,553 - INFO - Start training round 28 ...
2024-04-02 10:14:27,511 - INFO - server end round 28
2024-04-02 10:14:27,511 - INFO - start aggregate ...
2024-04-02 10:14:27,557 - INFO - end aggregate!
2024-04-02 10:14:37,558 - INFO - server start round 29
2024-04-02 10:14:37,608 - INFO - Start training round 29 ...
2024-04-02 10:14:44,565 - INFO - server end round 29
2024-04-02 10:14:44,565 - INFO - start aggregate ...
2024-04-02 10:14:44,609 - INFO - end aggregate!
2024-04-02 10:14:54,610 - INFO - server start round 30
2024-04-02 10:14:54,664 - INFO - Start training round 30 ...
2024-04-02 10:15:01,635 - INFO - server end round 30
2024-04-02 10:15:01,635 - INFO - start aggregate ...
2024-04-02 10:15:01,700 - INFO - end aggregate!
2024-04-02 10:15:11,701 - INFO - server start round 31
2024-04-02 10:15:11,749 - INFO - Start training round 31 ...
2024-04-02 10:15:18,714 - INFO - server end round 31
2024-04-02 10:15:18,714 - INFO - start aggregate ...
2024-04-02 10:15:18,758 - INFO - end aggregate!
2024-04-02 10:15:28,759 - INFO - server start round 32
2024-04-02 10:15:28,802 - INFO - Start training round 32 ...
2024-04-02 10:15:35,797 - INFO - server end round 32
2024-04-02 10:15:35,797 - INFO - start aggregate ...
2024-04-02 10:15:35,841 - INFO - end aggregate!
2024-04-02 10:15:45,842 - INFO - server start round 33
2024-04-02 10:15:45,897 - INFO - Start training round 33 ...
2024-04-02 10:15:52,868 - INFO - server end round 33
2024-04-02 10:15:52,868 - INFO - start aggregate ...
2024-04-02 10:15:52,921 - INFO - end aggregate!
2024-04-02 10:16:02,922 - INFO - server start round 34
2024-04-02 10:16:02,971 - INFO - Start training round 34 ...
2024-04-02 10:16:09,935 - INFO - server end round 34
2024-04-02 10:16:09,936 - INFO - start aggregate ...
2024-04-02 10:16:09,981 - INFO - end aggregate!
2024-04-02 10:16:19,981 - INFO - server start round 35
2024-04-02 10:16:20,057 - INFO - Start training round 35 ...
2024-04-02 10:16:27,000 - INFO - server end round 35
2024-04-02 10:16:27,000 - INFO - start aggregate ...
2024-04-02 10:16:27,043 - INFO - end aggregate!
2024-04-02 10:16:37,045 - INFO - server start round 36
2024-04-02 10:16:37,097 - INFO - Start training round 36 ...
2024-04-02 10:16:44,067 - INFO - server end round 36
2024-04-02 10:16:44,067 - INFO - start aggregate ...
2024-04-02 10:16:44,112 - INFO - end aggregate!
2024-04-02 10:16:54,113 - INFO - server start round 37
2024-04-02 10:16:54,169 - INFO - Start training round 37 ...
2024-04-02 10:17:01,125 - INFO - server end round 37
2024-04-02 10:17:01,125 - INFO - start aggregate ...
2024-04-02 10:17:01,169 - INFO - end aggregate!
2024-04-02 10:17:11,170 - INFO - server start round 38
2024-04-02 10:17:11,225 - INFO - Start training round 38 ...
2024-04-02 10:17:18,200 - INFO - server end round 38
2024-04-02 10:17:18,201 - INFO - start aggregate ...
2024-04-02 10:17:18,244 - INFO - end aggregate!
2024-04-02 10:17:28,245 - INFO - server start round 39
2024-04-02 10:17:28,295 - INFO - Start training round 39 ...
2024-04-02 10:17:35,253 - INFO - server end round 39
2024-04-02 10:17:35,254 - INFO - start aggregate ...
2024-04-02 10:17:35,298 - INFO - end aggregate!
2024-04-02 10:17:45,298 - INFO - server start round 40
2024-04-02 10:17:45,344 - INFO - Start training round 40 ...
2024-04-02 10:17:52,338 - INFO - server end round 40
2024-04-02 10:17:52,338 - INFO - start aggregate ...
2024-04-02 10:17:52,381 - INFO - end aggregate!
2024-04-02 10:18:02,382 - INFO - server start round 41
2024-04-02 10:18:02,432 - INFO - Start training round 41 ...
2024-04-02 10:18:09,413 - INFO - server end round 41
2024-04-02 10:18:09,413 - INFO - start aggregate ...
2024-04-02 10:18:09,458 - INFO - end aggregate!
2024-04-02 10:18:19,459 - INFO - server start round 42
2024-04-02 10:18:19,528 - INFO - Start training round 42 ...
2024-04-02 10:18:26,477 - INFO - server end round 42
2024-04-02 10:18:26,477 - INFO - start aggregate ...
2024-04-02 10:18:26,521 - INFO - end aggregate!
2024-04-02 10:18:36,522 - INFO - server start round 43
2024-04-02 10:18:36,570 - INFO - Start training round 43 ...
2024-04-02 10:18:43,548 - INFO - server end round 43
2024-04-02 10:18:43,549 - INFO - start aggregate ...
2024-04-02 10:18:43,593 - INFO - end aggregate!
2024-04-02 10:18:53,594 - INFO - server start round 44
2024-04-02 10:18:53,646 - INFO - Start training round 44 ...
2024-04-02 10:19:00,629 - INFO - server end round 44
2024-04-02 10:19:00,630 - INFO - start aggregate ...
2024-04-02 10:19:00,674 - INFO - end aggregate!
2024-04-02 10:19:10,674 - INFO - server start round 45
2024-04-02 10:19:10,735 - INFO - Start training round 45 ...
2024-04-02 10:19:17,697 - INFO - server end round 45
2024-04-02 10:19:17,698 - INFO - start aggregate ...
2024-04-02 10:19:17,743 - INFO - end aggregate!
2024-04-02 10:19:27,744 - INFO - server start round 46
2024-04-02 10:19:27,790 - INFO - Start training round 46 ...
2024-04-02 10:19:34,776 - INFO - server end round 46
2024-04-02 10:19:34,777 - INFO - start aggregate ...
2024-04-02 10:19:34,822 - INFO - end aggregate!
2024-04-02 10:19:44,822 - INFO - server start round 47
2024-04-02 10:19:44,879 - INFO - Start training round 47 ...
2024-04-02 10:19:51,837 - INFO - server end round 47
2024-04-02 10:19:51,837 - INFO - start aggregate ...
2024-04-02 10:19:51,880 - INFO - end aggregate!
2024-04-02 10:20:01,881 - INFO - server start round 48
2024-04-02 10:20:01,940 - INFO - Start training round 48 ...
2024-04-02 10:20:08,919 - INFO - server end round 48
2024-04-02 10:20:08,920 - INFO - start aggregate ...
2024-04-02 10:20:08,982 - INFO - end aggregate!
2024-04-02 10:20:18,983 - INFO - server start round 49
2024-04-02 10:20:19,031 - INFO - Start training round 49 ...
2024-04-02 10:20:26,003 - INFO - server end round 49
2024-04-02 10:20:26,004 - INFO - start aggregate ...
2024-04-02 10:20:26,048 - INFO - end aggregate!
2024-04-02 10:20:36,048 - INFO - server start round 50
2024-04-02 10:20:36,104 - INFO - Start training round 50 ...
2024-04-02 10:20:43,096 - INFO - server end round 50
2024-04-02 10:20:43,096 - INFO - start aggregate ...
2024-04-02 10:20:43,141 - INFO - end aggregate!
2024-04-02 10:20:43,144 - INFO - Stop all!
2024-04-02 10:30:17,834 - INFO - server start round 1
2024-04-02 10:30:17,952 - INFO - Start training round 1 ...
2024-04-02 10:30:25,879 - INFO - server end round 1
2024-04-02 10:30:25,881 - INFO - start aggregate ...
2024-04-02 10:30:25,923 - INFO - end aggregate!
2024-04-02 10:30:35,924 - INFO - server start round 2
2024-04-02 10:30:35,992 - INFO - Start training round 2 ...
2024-04-02 10:30:42,961 - INFO - server end round 2
2024-04-02 10:30:42,962 - INFO - start aggregate ...
2024-04-02 10:30:43,006 - INFO - end aggregate!
2024-04-02 10:30:53,007 - INFO - server start round 3
2024-04-02 10:30:53,060 - INFO - Start training round 3 ...
2024-04-02 10:31:00,023 - INFO - server end round 3
2024-04-02 10:31:00,024 - INFO - start aggregate ...
2024-04-02 10:31:00,068 - INFO - end aggregate!
2024-04-02 10:31:10,069 - INFO - server start round 4
2024-04-02 10:31:10,190 - INFO - Start training round 4 ...
2024-04-02 10:31:17,099 - INFO - server end round 4
2024-04-02 10:31:17,100 - INFO - start aggregate ...
2024-04-02 10:31:17,144 - INFO - end aggregate!
2024-04-02 10:31:27,144 - INFO - server start round 5
2024-04-02 10:31:27,202 - INFO - Start training round 5 ...
2024-04-02 10:31:34,158 - INFO - server end round 5
2024-04-02 10:31:34,159 - INFO - start aggregate ...
2024-04-02 10:31:34,202 - INFO - end aggregate!
2024-04-02 10:31:44,203 - INFO - server start round 6
2024-04-02 10:31:44,304 - INFO - Start training round 6 ...
2024-04-02 10:31:51,251 - INFO - server end round 6
2024-04-02 10:31:51,252 - INFO - start aggregate ...
2024-04-02 10:31:51,295 - INFO - end aggregate!
2024-04-02 10:32:01,296 - INFO - server start round 7
2024-04-02 10:32:01,361 - INFO - Start training round 7 ...
2024-04-02 10:32:08,317 - INFO - server end round 7
2024-04-02 10:32:08,318 - INFO - start aggregate ...
2024-04-02 10:32:08,361 - INFO - end aggregate!
2024-04-02 10:32:18,362 - INFO - server start round 8
2024-04-02 10:32:18,418 - INFO - Start training round 8 ...
2024-04-02 10:32:25,395 - INFO - server end round 8
2024-04-02 10:32:25,395 - INFO - start aggregate ...
2024-04-02 10:32:25,438 - INFO - end aggregate!
2024-04-02 10:32:35,439 - INFO - server start round 9
2024-04-02 10:32:35,484 - INFO - Start training round 9 ...
2024-04-02 10:32:42,458 - INFO - server end round 9
2024-04-02 10:32:42,459 - INFO - start aggregate ...
2024-04-02 10:32:42,514 - INFO - end aggregate!
2024-04-02 10:32:52,515 - INFO - server start round 10
2024-04-02 10:32:52,564 - INFO - Start training round 10 ...
2024-04-02 10:32:59,528 - INFO - server end round 10
2024-04-02 10:32:59,528 - INFO - start aggregate ...
2024-04-02 10:32:59,572 - INFO - end aggregate!
2024-04-02 10:33:09,573 - INFO - server start round 11
2024-04-02 10:33:09,663 - INFO - Start training round 11 ...
2024-04-02 10:33:16,581 - INFO - server end round 11
2024-04-02 10:33:16,581 - INFO - start aggregate ...
2024-04-02 10:33:16,624 - INFO - end aggregate!
2024-04-02 10:33:26,625 - INFO - server start round 12
2024-04-02 10:33:26,675 - INFO - Start training round 12 ...
2024-04-02 10:33:33,637 - INFO - server end round 12
2024-04-02 10:33:33,637 - INFO - start aggregate ...
2024-04-02 10:33:33,682 - INFO - end aggregate!
2024-04-02 10:33:43,683 - INFO - server start round 13
2024-04-02 10:33:43,729 - INFO - Start training round 13 ...
2024-04-02 10:33:50,700 - INFO - server end round 13
2024-04-02 10:33:50,700 - INFO - start aggregate ...
2024-04-02 10:33:50,745 - INFO - end aggregate!
2024-04-02 10:34:00,746 - INFO - server start round 14
2024-04-02 10:34:00,805 - INFO - Start training round 14 ...
2024-04-02 10:34:07,774 - INFO - server end round 14
2024-04-02 10:34:07,774 - INFO - start aggregate ...
2024-04-02 10:34:07,819 - INFO - end aggregate!
2024-04-02 10:34:17,820 - INFO - server start round 15
2024-04-02 10:34:17,928 - INFO - Start training round 15 ...
2024-04-02 10:34:24,847 - INFO - server end round 15
2024-04-02 10:34:24,847 - INFO - start aggregate ...
2024-04-02 10:34:24,891 - INFO - end aggregate!
2024-04-02 10:34:34,892 - INFO - server start round 16
2024-04-02 10:34:34,950 - INFO - Start training round 16 ...
2024-04-02 10:34:41,959 - INFO - server end round 16
2024-04-02 10:34:41,960 - INFO - start aggregate ...
2024-04-02 10:34:42,004 - INFO - end aggregate!
2024-04-02 10:34:52,005 - INFO - server start round 17
2024-04-02 10:34:52,052 - INFO - Start training round 17 ...
2024-04-02 10:34:59,038 - INFO - server end round 17
2024-04-02 10:34:59,039 - INFO - start aggregate ...
2024-04-02 10:34:59,083 - INFO - end aggregate!
2024-04-02 10:35:09,084 - INFO - server start round 18
2024-04-02 10:35:09,137 - INFO - Start training round 18 ...
2024-04-02 10:35:16,100 - INFO - server end round 18
2024-04-02 10:35:16,100 - INFO - start aggregate ...
2024-04-02 10:35:16,144 - INFO - end aggregate!
2024-04-02 10:35:26,145 - INFO - server start round 19
2024-04-02 10:35:26,196 - INFO - Start training round 19 ...
2024-04-02 10:35:33,177 - INFO - server end round 19
2024-04-02 10:35:33,177 - INFO - start aggregate ...
2024-04-02 10:35:33,221 - INFO - end aggregate!
2024-04-02 10:35:43,222 - INFO - server start round 20
2024-04-02 10:35:43,271 - INFO - Start training round 20 ...
2024-04-02 10:35:50,246 - INFO - server end round 20
2024-04-02 10:35:50,247 - INFO - start aggregate ...
2024-04-02 10:35:50,290 - INFO - end aggregate!
2024-04-02 10:36:00,291 - INFO - server start round 21
2024-04-02 10:36:00,345 - INFO - Start training round 21 ...
2024-04-02 10:36:07,309 - INFO - server end round 21
2024-04-02 10:36:07,310 - INFO - start aggregate ...
2024-04-02 10:36:07,354 - INFO - end aggregate!
2024-04-02 10:36:17,355 - INFO - server start round 22
2024-04-02 10:36:17,409 - INFO - Start training round 22 ...
2024-04-02 10:36:24,393 - INFO - server end round 22
2024-04-02 10:36:24,393 - INFO - start aggregate ...
2024-04-02 10:36:24,435 - INFO - end aggregate!
2024-04-02 10:36:34,436 - INFO - server start round 23
2024-04-02 10:36:34,490 - INFO - Start training round 23 ...
2024-04-02 10:36:41,465 - INFO - server end round 23
2024-04-02 10:36:41,465 - INFO - start aggregate ...
2024-04-02 10:36:41,510 - INFO - end aggregate!
2024-04-02 10:36:51,511 - INFO - server start round 24
2024-04-02 10:36:51,564 - INFO - Start training round 24 ...
2024-04-02 10:36:58,522 - INFO - server end round 24
2024-04-02 10:36:58,523 - INFO - start aggregate ...
2024-04-02 10:36:58,567 - INFO - end aggregate!
2024-04-02 10:37:08,568 - INFO - server start round 25
2024-04-02 10:37:08,613 - INFO - Start training round 25 ...
2024-04-02 10:37:15,605 - INFO - server end round 25
2024-04-02 10:37:15,605 - INFO - start aggregate ...
2024-04-02 10:37:15,651 - INFO - end aggregate!
2024-04-02 10:37:25,652 - INFO - server start round 26
2024-04-02 10:37:25,702 - INFO - Start training round 26 ...
2024-04-02 10:37:32,678 - INFO - server end round 26
2024-04-02 10:37:32,679 - INFO - start aggregate ...
2024-04-02 10:37:32,723 - INFO - end aggregate!
2024-04-02 10:37:42,724 - INFO - server start round 27
2024-04-02 10:37:42,778 - INFO - Start training round 27 ...
2024-04-02 10:37:49,754 - INFO - server end round 27
2024-04-02 10:37:49,754 - INFO - start aggregate ...
2024-04-02 10:37:49,798 - INFO - end aggregate!
2024-04-02 10:37:59,799 - INFO - server start round 28
2024-04-02 10:37:59,849 - INFO - Start training round 28 ...
2024-04-02 10:38:06,810 - INFO - server end round 28
2024-04-02 10:38:06,810 - INFO - start aggregate ...
2024-04-02 10:38:06,876 - INFO - end aggregate!
2024-04-02 10:38:16,877 - INFO - server start round 29
2024-04-02 10:38:16,931 - INFO - Start training round 29 ...
2024-04-02 10:38:23,906 - INFO - server end round 29
2024-04-02 10:38:23,907 - INFO - start aggregate ...
2024-04-02 10:38:23,951 - INFO - end aggregate!
2024-04-02 10:38:33,952 - INFO - server start round 30
2024-04-02 10:38:34,009 - INFO - Start training round 30 ...
2024-04-02 10:38:40,975 - INFO - server end round 30
2024-04-02 10:38:40,976 - INFO - start aggregate ...
2024-04-02 10:38:41,021 - INFO - end aggregate!
2024-04-02 10:38:51,022 - INFO - server start round 31
2024-04-02 10:38:51,069 - INFO - Start training round 31 ...
2024-04-02 10:38:58,058 - INFO - server end round 31
2024-04-02 10:38:58,058 - INFO - start aggregate ...
2024-04-02 10:38:58,102 - INFO - end aggregate!
2024-04-02 10:39:08,103 - INFO - server start round 32
2024-04-02 10:39:08,153 - INFO - Start training round 32 ...
2024-04-02 10:39:15,127 - INFO - server end round 32
2024-04-02 10:39:15,127 - INFO - start aggregate ...
2024-04-02 10:39:15,172 - INFO - end aggregate!
2024-04-02 10:39:25,173 - INFO - server start round 33
2024-04-02 10:39:25,226 - INFO - Start training round 33 ...
2024-04-02 10:39:32,187 - INFO - server end round 33
2024-04-02 10:39:32,187 - INFO - start aggregate ...
2024-04-02 10:39:32,232 - INFO - end aggregate!
2024-04-02 10:39:42,233 - INFO - server start round 34
2024-04-02 10:39:42,288 - INFO - Start training round 34 ...
2024-04-02 10:39:49,258 - INFO - server end round 34
2024-04-02 10:39:49,259 - INFO - start aggregate ...
2024-04-02 10:39:49,304 - INFO - end aggregate!
2024-04-02 10:39:59,305 - INFO - server start round 35
2024-04-02 10:39:59,361 - INFO - Start training round 35 ...
2024-04-02 10:40:06,325 - INFO - server end round 35
2024-04-02 10:40:06,325 - INFO - start aggregate ...
2024-04-02 10:40:06,378 - INFO - end aggregate!
2024-04-02 10:40:16,379 - INFO - server start round 36
2024-04-02 10:40:16,433 - INFO - Start training round 36 ...
2024-04-02 10:40:23,391 - INFO - server end round 36
2024-04-02 10:40:23,392 - INFO - start aggregate ...
2024-04-02 10:40:23,436 - INFO - end aggregate!
2024-04-02 10:40:33,436 - INFO - server start round 37
2024-04-02 10:40:33,493 - INFO - Start training round 37 ...
2024-04-02 10:40:40,446 - INFO - server end round 37
2024-04-02 10:40:40,447 - INFO - start aggregate ...
2024-04-02 10:40:40,492 - INFO - end aggregate!
2024-04-02 10:40:50,493 - INFO - server start round 38
2024-04-02 10:40:50,542 - INFO - Start training round 38 ...
2024-04-02 10:40:57,517 - INFO - server end round 38
2024-04-02 10:40:57,518 - INFO - start aggregate ...
2024-04-02 10:40:57,563 - INFO - end aggregate!
2024-04-02 10:41:07,564 - INFO - server start round 39
2024-04-02 10:41:07,615 - INFO - Start training round 39 ...
2024-04-02 10:41:14,616 - INFO - server end round 39
2024-04-02 10:41:14,617 - INFO - start aggregate ...
2024-04-02 10:41:14,662 - INFO - end aggregate!
2024-04-02 10:41:24,663 - INFO - server start round 40
2024-04-02 10:41:24,709 - INFO - Start training round 40 ...
2024-04-02 10:41:31,683 - INFO - server end round 40
2024-04-02 10:41:31,683 - INFO - start aggregate ...
2024-04-02 10:41:31,729 - INFO - end aggregate!
2024-04-02 10:41:41,730 - INFO - server start round 41
2024-04-02 10:41:41,779 - INFO - Start training round 41 ...
2024-04-02 10:41:48,744 - INFO - server end round 41
2024-04-02 10:41:48,744 - INFO - start aggregate ...
2024-04-02 10:41:48,789 - INFO - end aggregate!
2024-04-02 10:41:58,789 - INFO - server start round 42
2024-04-02 10:41:58,841 - INFO - Start training round 42 ...
2024-04-02 10:42:05,803 - INFO - server end round 42
2024-04-02 10:42:05,804 - INFO - start aggregate ...
2024-04-02 10:42:05,850 - INFO - end aggregate!
2024-04-02 10:42:15,851 - INFO - server start round 43
2024-04-02 10:42:15,903 - INFO - Start training round 43 ...
2024-04-02 10:42:22,900 - INFO - server end round 43
2024-04-02 10:42:22,900 - INFO - start aggregate ...
2024-04-02 10:42:22,945 - INFO - end aggregate!
2024-04-02 10:42:32,946 - INFO - server start round 44
2024-04-02 10:42:32,998 - INFO - Start training round 44 ...
2024-04-02 10:42:39,963 - INFO - server end round 44
2024-04-02 10:42:39,963 - INFO - start aggregate ...
2024-04-02 10:42:40,008 - INFO - end aggregate!
2024-04-02 10:42:50,009 - INFO - server start round 45
2024-04-02 10:42:50,058 - INFO - Start training round 45 ...
2024-04-02 10:42:57,028 - INFO - server end round 45
2024-04-02 10:42:57,029 - INFO - start aggregate ...
2024-04-02 10:42:57,073 - INFO - end aggregate!
2024-04-02 10:43:07,074 - INFO - server start round 46
2024-04-02 10:43:07,123 - INFO - Start training round 46 ...
2024-04-02 10:43:14,103 - INFO - server end round 46
2024-04-02 10:43:14,103 - INFO - start aggregate ...
2024-04-02 10:43:14,146 - INFO - end aggregate!
2024-04-02 10:43:24,147 - INFO - server start round 47
2024-04-02 10:43:24,198 - INFO - Start training round 47 ...
2024-04-02 10:43:31,168 - INFO - server end round 47
2024-04-02 10:43:31,168 - INFO - start aggregate ...
2024-04-02 10:43:31,212 - INFO - end aggregate!
2024-04-02 10:43:41,213 - INFO - server start round 48
2024-04-02 10:43:41,264 - INFO - Start training round 48 ...
2024-04-02 10:43:48,246 - INFO - server end round 48
2024-04-02 10:43:48,247 - INFO - start aggregate ...
2024-04-02 10:43:48,291 - INFO - end aggregate!
2024-04-02 10:43:58,292 - INFO - server start round 49
2024-04-02 10:43:58,343 - INFO - Start training round 49 ...
2024-04-02 10:44:05,310 - INFO - server end round 49
2024-04-02 10:44:05,320 - INFO - start aggregate ...
2024-04-02 10:44:05,363 - INFO - end aggregate!
2024-04-02 10:44:15,364 - INFO - server start round 50
2024-04-02 10:44:15,414 - INFO - Start training round 50 ...
2024-04-02 10:44:22,399 - INFO - server end round 50
2024-04-02 10:44:22,399 - INFO - start aggregate ...
2024-04-02 10:44:22,442 - INFO - end aggregate!
2024-04-02 10:44:22,443 - INFO - Stop all!
2024-04-02 23:37:33,748 - INFO - server start round 1
2024-04-02 23:37:33,880 - INFO - Start training round 1 ...
2024-04-02 23:39:10,677 - INFO - server start round 1
2024-04-02 23:39:10,781 - INFO - Start training round 1 ...
2024-04-02 23:39:21,689 - INFO - server end round 1
2024-04-02 23:39:21,690 - INFO - start aggregate ...
2024-04-02 23:39:21,734 - INFO - end aggregate!
2024-04-02 23:39:31,735 - INFO - server start round 2
2024-04-02 23:39:31,787 - INFO - Start training round 2 ...
