2024-04-04 00:38:11,299 - INFO - server start round 1
2024-04-04 00:38:11,412 - INFO - Start training round 1 ...
2024-04-04 00:38:22,313 - INFO - server end round 1
2024-04-04 00:38:22,313 - INFO - start aggregate ...
2024-04-04 00:38:22,356 - INFO - end aggregate!
2024-04-04 00:38:32,357 - INFO - server start round 2
2024-04-04 00:38:32,412 - INFO - Start training round 2 ...
2024-04-04 00:38:41,372 - INFO - server end round 2
2024-04-04 00:38:41,372 - INFO - start aggregate ...
2024-04-04 00:38:41,416 - INFO - end aggregate!
2024-04-04 00:38:51,417 - INFO - server start round 3
2024-04-04 00:38:51,506 - INFO - Start training round 3 ...
2024-04-04 00:39:02,428 - INFO - server end round 3
2024-04-04 00:39:02,429 - INFO - start aggregate ...
2024-04-04 00:39:02,475 - INFO - end aggregate!
2024-04-04 00:39:12,477 - INFO - server start round 4
2024-04-04 00:39:12,525 - INFO - Start training round 4 ...
2024-04-04 00:39:23,494 - INFO - server end round 4
2024-04-04 00:39:23,494 - INFO - start aggregate ...
2024-04-04 00:39:23,541 - INFO - end aggregate!
2024-04-04 00:39:33,542 - INFO - server start round 5
2024-04-04 00:39:33,599 - INFO - Start training round 5 ...
2024-04-04 00:39:42,564 - INFO - server end round 5
2024-04-04 00:39:42,565 - INFO - start aggregate ...
2024-04-04 00:39:42,608 - INFO - end aggregate!
2024-04-04 00:39:52,609 - INFO - server start round 6
2024-04-04 00:39:52,661 - INFO - Start training round 6 ...
2024-04-04 00:40:08,660 - INFO - server end round 6
2024-04-04 00:40:08,661 - INFO - start aggregate ...
2024-04-04 00:40:08,705 - INFO - end aggregate!
2024-04-04 00:40:18,706 - INFO - server start round 7
2024-04-04 00:40:18,771 - INFO - Start training round 7 ...
2024-04-04 00:40:29,724 - INFO - server end round 7
2024-04-04 00:40:29,724 - INFO - start aggregate ...
2024-04-04 00:40:29,770 - INFO - end aggregate!
2024-04-04 00:40:39,771 - INFO - server start round 8
2024-04-04 00:40:39,826 - INFO - Start training round 8 ...
2024-04-04 00:40:51,785 - INFO - server end round 8
2024-04-04 00:40:51,786 - INFO - start aggregate ...
2024-04-04 00:40:51,837 - INFO - end aggregate!
2024-04-04 00:41:01,838 - INFO - server start round 9
2024-04-04 00:41:01,930 - INFO - Start training round 9 ...
2024-04-04 00:41:13,852 - INFO - server end round 9
2024-04-04 00:41:13,852 - INFO - start aggregate ...
2024-04-04 00:41:13,897 - INFO - end aggregate!
2024-04-04 00:41:23,898 - INFO - server start round 10
2024-04-04 00:41:23,947 - INFO - Start training round 10 ...
2024-04-04 00:41:34,964 - INFO - server end round 10
2024-04-04 00:41:34,964 - INFO - start aggregate ...
2024-04-04 00:41:35,017 - INFO - end aggregate!
2024-04-04 00:41:45,018 - INFO - server start round 11
2024-04-04 00:41:45,107 - INFO - Start training round 11 ...
2024-04-04 00:41:55,030 - INFO - server end round 11
2024-04-04 00:41:55,031 - INFO - start aggregate ...
2024-04-04 00:41:55,075 - INFO - end aggregate!
2024-04-04 00:42:05,076 - INFO - server start round 12
2024-04-04 00:42:05,134 - INFO - Start training round 12 ...
2024-04-04 00:42:13,125 - INFO - server end round 12
2024-04-04 00:42:13,125 - INFO - start aggregate ...
2024-04-04 00:42:13,179 - INFO - end aggregate!
2024-04-04 00:42:23,180 - INFO - server start round 13
2024-04-04 00:42:23,229 - INFO - Start training round 13 ...
2024-04-04 00:42:35,216 - INFO - server end round 13
2024-04-04 00:42:35,218 - INFO - start aggregate ...
2024-04-04 00:42:35,264 - INFO - end aggregate!
2024-04-04 00:42:45,265 - INFO - server start round 14
2024-04-04 00:42:45,318 - INFO - Start training round 14 ...
2024-04-04 00:42:53,276 - INFO - server end round 14
2024-04-04 00:42:53,276 - INFO - start aggregate ...
2024-04-04 00:42:53,319 - INFO - end aggregate!
2024-04-04 00:43:03,320 - INFO - server start round 15
2024-04-04 00:43:03,418 - INFO - Start training round 15 ...
2024-04-04 00:43:15,389 - INFO - server end round 15
2024-04-04 00:43:15,389 - INFO - start aggregate ...
2024-04-04 00:43:15,434 - INFO - end aggregate!
2024-04-04 00:43:25,435 - INFO - server start round 16
2024-04-04 00:43:25,487 - INFO - Start training round 16 ...
2024-04-04 00:43:34,447 - INFO - server end round 16
2024-04-04 00:43:34,447 - INFO - start aggregate ...
2024-04-04 00:43:34,493 - INFO - end aggregate!
2024-04-04 00:43:44,493 - INFO - server start round 17
2024-04-04 00:43:44,545 - INFO - Start training round 17 ...
2024-04-04 00:43:55,506 - INFO - server end round 17
2024-04-04 00:43:55,506 - INFO - start aggregate ...
2024-04-04 00:43:55,551 - INFO - end aggregate!
2024-04-04 00:44:05,552 - INFO - server start round 18
2024-04-04 00:44:05,634 - INFO - Start training round 18 ...
2024-04-04 00:44:17,629 - INFO - server end round 18
2024-04-04 00:44:17,629 - INFO - start aggregate ...
2024-04-04 00:44:17,675 - INFO - end aggregate!
2024-04-04 00:44:27,676 - INFO - server start round 19
2024-04-04 00:44:27,731 - INFO - Start training round 19 ...
2024-04-04 00:44:38,697 - INFO - server end round 19
2024-04-04 00:44:38,697 - INFO - start aggregate ...
2024-04-04 00:44:38,742 - INFO - end aggregate!
2024-04-04 00:44:48,743 - INFO - server start round 20
2024-04-04 00:44:48,795 - INFO - Start training round 20 ...
2024-04-04 00:45:01,856 - INFO - server end round 20
2024-04-04 00:45:01,856 - INFO - start aggregate ...
2024-04-04 00:45:01,901 - INFO - end aggregate!
2024-04-04 00:45:11,902 - INFO - server start round 21
2024-04-04 00:45:11,954 - INFO - Start training round 21 ...
2024-04-04 00:45:22,953 - INFO - server end round 21
2024-04-04 00:45:22,954 - INFO - start aggregate ...
2024-04-04 00:45:22,999 - INFO - end aggregate!
2024-04-04 00:45:32,999 - INFO - server start round 22
2024-04-04 00:45:33,089 - INFO - Start training round 22 ...
2024-04-04 00:45:47,018 - INFO - server end round 22
2024-04-04 00:45:47,018 - INFO - start aggregate ...
2024-04-04 00:45:47,065 - INFO - end aggregate!
2024-04-04 00:45:57,066 - INFO - server start round 23
2024-04-04 00:45:57,158 - INFO - Start training round 23 ...
2024-04-04 00:46:06,077 - INFO - server end round 23
2024-04-04 00:46:06,078 - INFO - start aggregate ...
2024-04-04 00:46:06,123 - INFO - end aggregate!
2024-04-04 00:46:16,124 - INFO - server start round 24
2024-04-04 00:46:16,218 - INFO - Start training round 24 ...
2024-04-04 00:46:25,230 - INFO - server end round 24
2024-04-04 00:46:25,231 - INFO - start aggregate ...
2024-04-04 00:46:25,274 - INFO - end aggregate!
2024-04-04 00:46:35,275 - INFO - server start round 25
2024-04-04 00:46:35,325 - INFO - Start training round 25 ...
2024-04-04 00:46:46,290 - INFO - server end round 25
2024-04-04 00:46:46,292 - INFO - start aggregate ...
2024-04-04 00:46:46,335 - INFO - end aggregate!
2024-04-04 00:46:56,336 - INFO - server start round 26
2024-04-04 00:46:56,390 - INFO - Start training round 26 ...
2024-04-04 00:47:05,368 - INFO - server end round 26
2024-04-04 00:47:05,368 - INFO - start aggregate ...
2024-04-04 00:47:05,413 - INFO - end aggregate!
2024-04-04 00:47:15,414 - INFO - server start round 27
2024-04-04 00:47:15,478 - INFO - Start training round 27 ...
2024-04-04 00:47:27,457 - INFO - server end round 27
2024-04-04 00:47:27,457 - INFO - start aggregate ...
2024-04-04 00:47:27,503 - INFO - end aggregate!
2024-04-04 00:47:37,504 - INFO - server start round 28
2024-04-04 00:47:37,550 - INFO - Start training round 28 ...
2024-04-04 00:47:46,561 - INFO - server end round 28
2024-04-04 00:47:46,561 - INFO - start aggregate ...
2024-04-04 00:47:46,610 - INFO - end aggregate!
2024-04-04 00:47:56,611 - INFO - server start round 29
2024-04-04 00:47:56,665 - INFO - Start training round 29 ...
2024-04-04 00:48:09,627 - INFO - server end round 29
2024-04-04 00:48:09,627 - INFO - start aggregate ...
2024-04-04 00:48:09,672 - INFO - end aggregate!
2024-04-04 00:48:19,673 - INFO - server start round 30
2024-04-04 00:48:19,759 - INFO - Start training round 30 ...
2024-04-04 00:48:30,689 - INFO - server end round 30
2024-04-04 00:48:30,689 - INFO - start aggregate ...
2024-04-04 00:48:30,744 - INFO - end aggregate!
2024-04-04 00:48:40,745 - INFO - server start round 31
2024-04-04 00:48:40,844 - INFO - Start training round 31 ...
2024-04-04 00:48:53,784 - INFO - server end round 31
2024-04-04 00:48:53,785 - INFO - start aggregate ...
2024-04-04 00:48:53,829 - INFO - end aggregate!
2024-04-04 00:49:03,830 - INFO - server start round 32
2024-04-04 00:49:03,887 - INFO - Start training round 32 ...
2024-04-04 00:49:13,844 - INFO - server end round 32
2024-04-04 00:49:13,845 - INFO - start aggregate ...
2024-04-04 00:49:13,890 - INFO - end aggregate!
2024-04-04 00:49:23,891 - INFO - server start round 33
2024-04-04 00:49:23,944 - INFO - Start training round 33 ...
2024-04-04 00:49:33,945 - INFO - server end round 33
2024-04-04 00:49:33,946 - INFO - start aggregate ...
2024-04-04 00:49:33,991 - INFO - end aggregate!
2024-04-04 00:49:43,992 - INFO - server start round 34
2024-04-04 00:49:44,047 - INFO - Start training round 34 ...
2024-04-04 00:49:53,023 - INFO - server end round 34
2024-04-04 00:49:53,024 - INFO - start aggregate ...
2024-04-04 00:49:53,068 - INFO - end aggregate!
2024-04-04 00:50:03,069 - INFO - server start round 35
2024-04-04 00:50:03,125 - INFO - Start training round 35 ...
2024-04-04 00:50:16,128 - INFO - server end round 35
2024-04-04 00:50:16,128 - INFO - start aggregate ...
2024-04-04 00:50:16,174 - INFO - end aggregate!
2024-04-04 00:50:26,175 - INFO - server start round 36
2024-04-04 00:50:26,221 - INFO - Start training round 36 ...
2024-04-04 00:50:39,197 - INFO - server end round 36
2024-04-04 00:50:39,197 - INFO - start aggregate ...
2024-04-04 00:50:39,242 - INFO - end aggregate!
2024-04-04 00:50:49,243 - INFO - server start round 37
2024-04-04 00:50:49,296 - INFO - Start training round 37 ...
2024-04-04 00:50:58,272 - INFO - server end round 37
2024-04-04 00:50:58,272 - INFO - start aggregate ...
2024-04-04 00:50:58,320 - INFO - end aggregate!
2024-04-04 00:51:08,321 - INFO - server start round 38
2024-04-04 00:51:08,371 - INFO - Start training round 38 ...
2024-04-04 00:51:19,410 - INFO - server end round 38
2024-04-04 00:51:19,410 - INFO - start aggregate ...
2024-04-04 00:51:19,454 - INFO - end aggregate!
2024-04-04 00:51:29,455 - INFO - server start round 39
2024-04-04 00:51:29,516 - INFO - Start training round 39 ...
2024-04-04 00:51:38,468 - INFO - server end round 39
2024-04-04 00:51:38,469 - INFO - start aggregate ...
2024-04-04 00:51:38,514 - INFO - end aggregate!
2024-04-04 00:51:48,514 - INFO - server start round 40
2024-04-04 00:51:48,575 - INFO - Start training round 40 ...
2024-04-04 00:52:02,571 - INFO - server end round 40
2024-04-04 00:52:02,572 - INFO - start aggregate ...
2024-04-04 00:52:02,616 - INFO - end aggregate!
2024-04-04 00:52:12,617 - INFO - server start round 41
2024-04-04 00:52:12,664 - INFO - Start training round 41 ...
2024-04-04 00:52:22,629 - INFO - server end round 41
2024-04-04 00:52:22,629 - INFO - start aggregate ...
2024-04-04 00:52:22,672 - INFO - end aggregate!
2024-04-04 00:52:32,673 - INFO - server start round 42
2024-04-04 00:52:32,727 - INFO - Start training round 42 ...
2024-04-04 00:52:44,709 - INFO - server end round 42
2024-04-04 00:52:44,709 - INFO - start aggregate ...
2024-04-04 00:52:44,756 - INFO - end aggregate!
2024-04-04 00:52:54,757 - INFO - server start round 43
2024-04-04 00:52:54,830 - INFO - Start training round 43 ...
2024-04-04 00:53:04,820 - INFO - server end round 43
2024-04-04 00:53:04,821 - INFO - start aggregate ...
2024-04-04 00:53:04,866 - INFO - end aggregate!
2024-04-04 00:53:14,867 - INFO - server start round 44
2024-04-04 00:53:14,945 - INFO - Start training round 44 ...
2024-04-04 00:53:23,901 - INFO - server end round 44
2024-04-04 00:53:23,902 - INFO - start aggregate ...
2024-04-04 00:53:23,947 - INFO - end aggregate!
2024-04-04 00:53:33,948 - INFO - server start round 45
2024-04-04 00:53:34,027 - INFO - Start training round 45 ...
2024-04-04 00:53:43,963 - INFO - server end round 45
2024-04-04 00:53:43,963 - INFO - start aggregate ...
2024-04-04 00:53:44,016 - INFO - end aggregate!
2024-04-04 00:53:54,016 - INFO - server start round 46
2024-04-04 00:53:54,101 - INFO - Start training round 46 ...
2024-04-04 00:54:06,031 - INFO - server end round 46
2024-04-04 00:54:06,031 - INFO - start aggregate ...
2024-04-04 00:54:06,076 - INFO - end aggregate!
2024-04-04 00:54:16,077 - INFO - server start round 47
2024-04-04 00:54:16,166 - INFO - Start training round 47 ...
2024-04-04 00:54:27,147 - INFO - server end round 47
2024-04-04 00:54:27,147 - INFO - start aggregate ...
2024-04-04 00:54:27,192 - INFO - end aggregate!
2024-04-04 00:54:37,193 - INFO - server start round 48
2024-04-04 00:54:37,245 - INFO - Start training round 48 ...
2024-04-04 00:54:47,219 - INFO - server end round 48
2024-04-04 00:54:47,233 - INFO - start aggregate ...
2024-04-04 00:54:47,277 - INFO - end aggregate!
2024-04-04 00:54:57,278 - INFO - server start round 49
2024-04-04 00:54:57,330 - INFO - Start training round 49 ...
2024-04-04 00:55:10,300 - INFO - server end round 49
2024-04-04 00:55:10,300 - INFO - start aggregate ...
2024-04-04 00:55:10,344 - INFO - end aggregate!
2024-04-04 00:55:20,345 - INFO - server start round 50
2024-04-04 00:55:20,404 - INFO - Start training round 50 ...
2024-04-04 00:55:31,357 - INFO - server end round 50
2024-04-04 00:55:31,357 - INFO - start aggregate ...
2024-04-04 00:55:31,403 - INFO - end aggregate!
2024-04-04 00:55:31,410 - INFO - Stop all!
